#
# There is insufficient memory for the Java Runtime Environment to continue.
# Native memory allocation (malloc) failed to allocate 1048576 bytes for AllocateHeap
# Possible reasons:
#   The system is out of physical RAM or swap space
#   In 32 bit mode, the process size limit was hit
# Possible solutions:
#   Reduce memory load on the system
#   Increase physical memory or swap space
#   Check if swap backing store is full
#   Use 64 bit Java on a 64 bit OS
#   Decrease Java heap size (-Xmx/-Xms)
#   Decrease number of Java threads
#   Decrease Java thread stack sizes (-Xss)
#   Set larger code cache with -XX:ReservedCodeCacheSize=
# This output file may be truncated or incomplete.
#
#  Out of Memory Error (memory/allocation.inline.hpp:61), pid=9320, tid=0x0000000000002fe4
#
# JRE version:  (8.0_112-b15) (build )
# Java VM: Java HotSpot(TM) 64-Bit Server VM (25.112-b15 mixed mode windows-amd64 compressed oops)
# Failed to write core dump. Minidumps are not enabled by default on client versions of Windows
#

---------------  T H R E A D  ---------------

Current thread (0x0000000002fb1000):  JavaThread "Unknown thread" [_thread_in_vm, id=12260, stack(0x0000000002dc0000,0x0000000002ec0000)]

Stack: [0x0000000002dc0000,0x0000000002ec0000]
[error occurred during error reporting (printing stack bounds), id 0xc0000005]

Native frames: (J=compiled Java code, j=interpreted, Vv=VM code, C=native code)


---------------  P R O C E S S  ---------------

Java Threads: ( => current thread )

Other Threads:

=>0x0000000002fb1000 (exited) JavaThread "Unknown thread" [_thread_in_vm, id=12260, stack(0x0000000002dc0000,0x0000000002ec0000)]

VM state:not at safepoint (normal execution)

VM Mutex/Monitor currently owned by a thread: None

Heap:
 PSYoungGen      total 38400K, used 665K [0x00000000d5f00000, 0x00000000d8980000, 0x0000000100000000)
  eden space 33280K, 2% used [0x00000000d5f00000,0x00000000d5fa6670,0x00000000d7f80000)
  from space 5120K, 0% used [0x00000000d8480000,0x00000000d8480000,0x00000000d8980000)
  to   space 5120K, 0% used [0x00000000d7f80000,0x00000000d7f80000,0x00000000d8480000)
 ParOldGen       total 87552K, used 0K [0x0000000081c00000, 0x0000000087180000, 0x00000000d5f00000)
  object space 87552K, 0% used [0x0000000081c00000,0x0000000081c00000,0x0000000087180000)
 Metaspace       used 746K, capacity 4480K, committed 4480K, reserved 1056768K
  class space    used 75K, capacity 384K, committed 384K, reserved 1048576K

Card table byte_map: [0x0000000012470000,0x0000000012870000] byte_map_base: 0x0000000012062000

Marking Bits: (ParMarkBitMap*) 0x0000000056cba6d0
 Begin Bits: [0x0000000012f20000, 0x0000000014eb0000)
 End Bits:   [0x0000000014eb0000, 0x0000000016e40000)

Polling page: 0x00000000011f0000

CodeCache: size=245760Kb used=328Kb max_used=328Kb free=245431Kb
 bounds [0x00000000030b0000, 0x0000000003320000, 0x00000000120b0000]
 total_blobs=58 nmethods=0 adapters=38
 compilation: enabled

Compilation events (0 events):
No events

GC Heap History (0 events):
No events

Deoptimization events (0 events):
No events

Internal exceptions (0 events):
No events

Events (10 events):
Event: 0.124 loading class java/lang/Short
Event: 0.125 loading class java/lang/Short done
Event: 0.125 loading class java/lang/Integer
Event: 0.126 loading class java/lang/Integer done
Event: 0.126 loading class java/lang/Long
Event: 0.127 loading class java/lang/Long done
Event: 0.128 loading class java/lang/NullPointerException
Event: 0.128 loading class java/lang/NullPointerException done
Event: 0.128 loading class java/lang/ArithmeticException
Event: 0.128 loading class java/lang/ArithmeticException done


Dynamic libraries:
0x00007ff692410000 - 0x00007ff692447000 	C:\ProgramData\Oracle\Java\javapath\java.exe
0x00007ffd75f30000 - 0x00007ffd76101000 	C:\WINDOWS\SYSTEM32\ntdll.dll
0x00007ffd73d00000 - 0x00007ffd73dab000 	C:\WINDOWS\System32\KERNEL32.DLL
0x00007ffd72870000 - 0x00007ffd72a8d000 	C:\WINDOWS\System32\KERNELBASE.dll
0x00007ffd734c0000 - 0x00007ffd73562000 	C:\WINDOWS\System32\ADVAPI32.dll
0x00007ffd73c60000 - 0x00007ffd73cfe000 	C:\WINDOWS\System32\msvcrt.dll
0x00007ffd73610000 - 0x00007ffd73669000 	C:\WINDOWS\System32\sechost.dll
0x00007ffd75c10000 - 0x00007ffd75d31000 	C:\WINDOWS\System32\RPCRT4.dll
0x00007ffd73670000 - 0x00007ffd737d5000 	C:\WINDOWS\System32\USER32.dll
0x00007ffd72dc0000 - 0x00007ffd72dde000 	C:\WINDOWS\System32\win32u.dll
0x00007ffd73990000 - 0x00007ffd739c4000 	C:\WINDOWS\System32\GDI32.dll
0x00007ffd724f0000 - 0x00007ffd72672000 	C:\WINDOWS\System32\gdi32full.dll
0x00007ffd66c20000 - 0x00007ffd66e99000 	C:\WINDOWS\WinSxS\amd64_microsoft.windows.common-controls_6595b64144ccf1df_6.0.14393.447_none_42191651c6827bb3\COMCTL32.dll
0x00007ffd754a0000 - 0x00007ffd75768000 	C:\WINDOWS\System32\combase.dll
0x00007ffd72770000 - 0x00007ffd72865000 	C:\WINDOWS\System32\ucrtbase.dll
0x00007ffd72420000 - 0x00007ffd7248a000 	C:\WINDOWS\System32\bcryptPrimitives.dll
0x00007ffd75d40000 - 0x00007ffd75d6e000 	C:\WINDOWS\System32\IMM32.DLL
0x0000000056d40000 - 0x0000000056e12000 	C:\Program Files\Java\jre1.8.0_112\bin\msvcr100.dll
0x00000000564a0000 - 0x0000000056d3a000 	C:\Program Files\Java\jre1.8.0_112\bin\server\jvm.dll
0x00007ffd73980000 - 0x00007ffd73988000 	C:\WINDOWS\System32\PSAPI.DLL
0x00007ffd70520000 - 0x00007ffd70543000 	C:\WINDOWS\SYSTEM32\WINMM.dll
0x00007ffd70910000 - 0x00007ffd7091a000 	C:\WINDOWS\SYSTEM32\VERSION.dll
0x00007ffd5b230000 - 0x00007ffd5b239000 	C:\WINDOWS\SYSTEM32\WSOCK32.dll
0x00007ffd73bf0000 - 0x00007ffd73c5a000 	C:\WINDOWS\System32\WS2_32.dll
0x0000000001640000 - 0x000000000166b000 	C:\WINDOWS\SYSTEM32\WINMMBASE.dll
0x00007ffd72720000 - 0x00007ffd72762000 	C:\WINDOWS\System32\cfgmgr32.dll
0x0000000056490000 - 0x000000005649f000 	C:\Program Files\Java\jre1.8.0_112\bin\verify.dll
0x0000000056460000 - 0x0000000056489000 	C:\Program Files\Java\jre1.8.0_112\bin\java.dll
0x0000000056440000 - 0x0000000056456000 	C:\Program Files\Java\jre1.8.0_112\bin\zip.dll

VM Arguments:
java_command: <unknown>
java_class_path (initial): .
Launcher Type: SUN_STANDARD

Environment Variables:
PATH=C:\ProgramData\Oracle\Java\javapath;C:\Program Files (x86)\Intel\iCLS Client\;C:\Program Files\Intel\iCLS Client\;C:\WINDOWS\system32;C:\WINDOWS;C:\WINDOWS\System32\Wbem;C:\WINDOWS\System32\WindowsPowerShell\v1.0\;C:\Program Files (x86)\Intel\Intel(R) Management Engine Components\DAL;C:\Program Files\Intel\Intel(R) Management Engine Components\DAL;C:\Program Files (x86)\Intel\Intel(R) Management Engine Components\IPT;C:\Program Files\Intel\Intel(R) Management Engine Components\IPT;C:\Program Files (x86)\ATI Technologies\ATI.ACE\Core-Static;C:\Program Files\Microsoft SQL Server\Client SDK\ODBC\110\Tools\Binn\;C:\Program Files (x86)\Microsoft SQL Server\120\Tools\Binn\ManagementStudio\;C:\Program Files (x86)\Microsoft SQL Server\120\Tools\Binn\;C:\Program Files\Microsoft SQL Server\120\Tools\Binn\;C:\Program Files (x86)\Microsoft SQL Server\120\DTS\Binn\;C:\Program Files\Microsoft SQL Server\120\DTS\Binn\;C:\Program Files\TortoiseSVN\bin;C:\PsExec;C:\ProgramData\chocolatey\bin;C:\Program Files\nodejs\;C:\Program Files\TortoiseHg\;C:\Program Files\Git\cmd;C:\Program Files\Intel\WiFi\bin\;C:\Program Files\Common Files\Intel\WirelessCommon\;C:\Users\loic.vyncke.UPSELL\AppData\Local\Microsoft\WindowsApps;C:\Users\loic.vyncke.UPSELL\AppData\Roaming\npm;C:\Users\loic.vyncke.UPSELL\AppData\Local\atom\bin
USERNAME=loic.vyncke
OS=Windows_NT
PROCESSOR_IDENTIFIER=Intel64 Family 6 Model 78 Stepping 3, GenuineIntel



---------------  S Y S T E M  ---------------

OS: Windows 10.0 , 64 bit Build 14393 (10.0.14393.0)

CPU:total 4 (2 cores per cpu, 2 threads per core) family 6 model 78 stepping 3, cmov, cx8, fxsr, mmx, sse, sse2, sse3, ssse3, sse4.1, sse4.2, popcnt, avx, avx2, aes, clmul, erms, 3dnowpref, lzcnt, ht, tsc, tscinvbit, bmi1, bmi2, adx

Memory: 4k page, physical 8268904k(1769508k free), swap 10219624k(5764k free)

vm_info: Java HotSpot(TM) 64-Bit Server VM (25.112-b15) for windows-amd64 JRE (1.8.0_112-b15), built on Sep 22 2016 21:31:56 by "java_re" with MS VC++ 10.0 (VS2010)

time: Fri Mar 03 11:47:28 2017
elapsed time: 0 seconds (0d 0h 0m 0s)

