#
# There is insufficient memory for the Java Runtime Environment to continue.
# Native memory allocation (malloc) failed to allocate 1352416 bytes for Chunk::new
# Possible reasons:
#   The system is out of physical RAM or swap space
#   In 32 bit mode, the process size limit was hit
# Possible solutions:
#   Reduce memory load on the system
#   Increase physical memory or swap space
#   Check if swap backing store is full
#   Use 64 bit Java on a 64 bit OS
#   Decrease Java heap size (-Xmx/-Xms)
#   Decrease number of Java threads
#   Decrease Java thread stack sizes (-Xss)
#   Set larger code cache with -XX:ReservedCodeCacheSize=
# This output file may be truncated or incomplete.
#
#  Out of Memory Error (allocation.cpp:390), pid=12568, tid=0x0000000000002b14
#
# JRE version: Java(TM) SE Runtime Environment (8.0_112-b15) (build 1.8.0_112-b15)
# Java VM: Java HotSpot(TM) 64-Bit Server VM (25.112-b15 mixed mode windows-amd64 compressed oops)
# Failed to write core dump. Minidumps are not enabled by default on client versions of Windows
#

---------------  T H R E A D  ---------------

Current thread (0x0000000017bf0800):  JavaThread "C2 CompilerThread0" daemon [_thread_in_native, id=11028, stack(0x0000000019250000,0x0000000019350000)]

Stack: [0x0000000019250000,0x0000000019350000]
[error occurred during error reporting (printing stack bounds), id 0xc0000005]

Native frames: (J=compiled Java code, j=interpreted, Vv=VM code, C=native code)


Current CompileTask:
C2:  12457 3613       4       com.sun.beans.TypeResolver::resolve (37 bytes)


---------------  P R O C E S S  ---------------

Java Threads: ( => current thread )
  0x000000001d064800 JavaThread "File lock request listener" [_thread_in_native, id=14044, stack(0x000000001cec0000,0x000000001cfc0000)]
  0x0000000019580800 JavaThread "Service Thread" daemon [_thread_blocked, id=13356, stack(0x0000000019950000,0x0000000019a50000)]
  0x0000000017bf6000 JavaThread "C1 CompilerThread2" daemon [_thread_blocked, id=7548, stack(0x0000000019450000,0x0000000019550000)]
  0x0000000017bf2800 JavaThread "C2 CompilerThread1" daemon [_thread_in_native, id=4100, stack(0x0000000019350000,0x0000000019450000)]
=>0x0000000017bf0800 JavaThread "C2 CompilerThread0" daemon [_thread_in_native, id=11028, stack(0x0000000019250000,0x0000000019350000)]
  0x0000000017bed800 JavaThread "Attach Listener" daemon [_thread_blocked, id=10884, stack(0x0000000019150000,0x0000000019250000)]
  0x0000000017bea000 JavaThread "Signal Dispatcher" daemon [_thread_blocked, id=3592, stack(0x0000000019050000,0x0000000019150000)]
  0x00000000030ba800 JavaThread "Finalizer" daemon [_thread_blocked, id=8924, stack(0x0000000018e40000,0x0000000018f40000)]
  0x00000000030af800 JavaThread "Reference Handler" daemon [_thread_blocked, id=4252, stack(0x0000000018d40000,0x0000000018e40000)]
  0x0000000002e9e000 JavaThread "main" [_thread_in_Java, id=848, stack(0x0000000002ea0000,0x0000000002fa0000)]

Other Threads:
  0x0000000017bb7800 VMThread [stack: 0x0000000018c40000,0x0000000018d40000] [id=10888]
  0x0000000019583800 WatcherThread [stack: 0x0000000019bb0000,0x0000000019cb0000] [id=10224]

VM state:not at safepoint (normal execution)

VM Mutex/Monitor currently owned by a thread: None

Heap:
 PSYoungGen      total 96256K, used 50351K [0x00000000d5f00000, 0x00000000df000000, 0x0000000100000000)
  eden space 83456K, 60% used [0x00000000d5f00000,0x00000000d902bef8,0x00000000db080000)
  from space 12800K, 0% used [0x00000000db080000,0x00000000db080000,0x00000000dbd00000)
  to   space 16896K, 0% used [0x00000000ddf80000,0x00000000ddf80000,0x00000000df000000)
 ParOldGen       total 58368K, used 28744K [0x0000000081c00000, 0x0000000085500000, 0x00000000d5f00000)
  object space 58368K, 49% used [0x0000000081c00000,0x00000000838122d8,0x0000000085500000)
 Metaspace       used 35859K, capacity 36884K, committed 36952K, reserved 1081344K
  class space    used 4999K, capacity 5404K, committed 5464K, reserved 1048576K

Card table byte_map: [0x0000000012480000,0x0000000012880000] byte_map_base: 0x0000000012072000

Marking Bits: (ParMarkBitMap*) 0x0000000056cba6d0
 Begin Bits: [0x0000000012f30000, 0x0000000014ec0000)
 End Bits:   [0x0000000014ec0000, 0x0000000016e50000)

Polling page: 0x0000000001290000

CodeCache: size=245760Kb used=13374Kb max_used=13374Kb free=232385Kb
 bounds [0x00000000030c0000, 0x0000000003df0000, 0x00000000120c0000]
 total_blobs=4066 nmethods=3396 adapters=581
 compilation: enabled

Compilation events (10 events):
Event: 12.408 Thread 0x0000000017bf6000 3673       1       org.gradle.api.internal.tasks.DefaultTaskInputs::access$300 (5 bytes)
Event: 12.409 Thread 0x0000000017bf6000 nmethod 3673 0x000000000373ccd0 code [0x000000000373ce20, 0x000000000373cf10]
Event: 12.418 Thread 0x0000000017bf6000 3674       2       org.objectweb.asm.ClassWriter::a (64 bytes)
Event: 12.418 Thread 0x0000000017bf6000 nmethod 3674 0x00000000032dd390 code [0x00000000032dd520, 0x00000000032dd7e8]
Event: 12.429 Thread 0x0000000017bf6000 3675       2       org.codehaus.groovy.runtime.callsite.AbstractCallSite::callGetProperty (12 bytes)
Event: 12.429 Thread 0x0000000017bf6000 nmethod 3675 0x0000000003410410 code [0x0000000003410580, 0x0000000003410738]
Event: 12.432 Thread 0x0000000017bf6000 3676       2       org.codehaus.groovy.runtime.metaclass.MetaMethodIndex$CacheEntry::<init> (15 bytes)
Event: 12.432 Thread 0x0000000017bf6000 nmethod 3676 0x00000000038177d0 code [0x0000000003817920, 0x0000000003817a90]
Event: 12.440 Thread 0x0000000017bf6000 3677 %     3       java.beans.Introspector::getTargetMethodInfo @ 62 (252 bytes)
Event: 12.441 Thread 0x0000000017bf6000 nmethod 3677% 0x0000000003de0a10 code [0x0000000003de0d00, 0x0000000003de1f08]

GC Heap History (10 events):
Event: 7.853 GC heap before
{Heap before GC invocations=7 (full 1):
 PSYoungGen      total 38400K, used 33280K [0x00000000d5f00000, 0x00000000db400000, 0x0000000100000000)
  eden space 33280K, 100% used [0x00000000d5f00000,0x00000000d7f80000,0x00000000d7f80000)
  from space 5120K, 0% used [0x00000000d7f80000,0x00000000d7f80000,0x00000000d8480000)
  to   space 10240K, 0% used [0x00000000daa00000,0x00000000daa00000,0x00000000db400000)
 ParOldGen       total 58368K, used 8624K [0x0000000081c00000, 0x0000000085500000, 0x00000000d5f00000)
  object space 58368K, 14% used [0x0000000081c00000,0x000000008246c140,0x0000000085500000)
 Metaspace       used 24794K, capacity 25320K, committed 25728K, reserved 1071104K
  class space    used 3430K, capacity 3630K, committed 3712K, reserved 1048576K
Event: 7.859 GC heap after
Heap after GC invocations=7 (full 1):
 PSYoungGen      total 58368K, used 3884K [0x00000000d5f00000, 0x00000000dae00000, 0x0000000100000000)
  eden space 54272K, 0% used [0x00000000d5f00000,0x00000000d5f00000,0x00000000d9400000)
  from space 4096K, 94% used [0x00000000daa00000,0x00000000dadcb328,0x00000000dae00000)
  to   space 10752K, 0% used [0x00000000d9900000,0x00000000d9900000,0x00000000da380000)
 ParOldGen       total 58368K, used 8696K [0x0000000081c00000, 0x0000000085500000, 0x00000000d5f00000)
  object space 58368K, 14% used [0x0000000081c00000,0x000000008247e150,0x0000000085500000)
 Metaspace       used 24794K, capacity 25320K, committed 25728K, reserved 1071104K
  class space    used 3430K, capacity 3630K, committed 3712K, reserved 1048576K
}
Event: 9.745 GC heap before
{Heap before GC invocations=8 (full 1):
 PSYoungGen      total 58368K, used 58156K [0x00000000d5f00000, 0x00000000dae00000, 0x0000000100000000)
  eden space 54272K, 100% used [0x00000000d5f00000,0x00000000d9400000,0x00000000d9400000)
  from space 4096K, 94% used [0x00000000daa00000,0x00000000dadcb328,0x00000000dae00000)
  to   space 10752K, 0% used [0x00000000d9900000,0x00000000d9900000,0x00000000da380000)
 ParOldGen       total 58368K, used 8696K [0x0000000081c00000, 0x0000000085500000, 0x00000000d5f00000)
  object space 58368K, 14% used [0x0000000081c00000,0x000000008247e150,0x0000000085500000)
 Metaspace       used 28001K, capacity 28652K, committed 28800K, reserved 1073152K
  class space    used 3868K, capacity 4134K, committed 4224K, reserved 1048576K
Event: 9.758 GC heap after
Heap after GC invocations=8 (full 1):
 PSYoungGen      total 70144K, used 7477K [0x00000000d5f00000, 0x00000000dc700000, 0x0000000100000000)
  eden space 59392K, 0% used [0x00000000d5f00000,0x00000000d5f00000,0x00000000d9900000)
  from space 10752K, 69% used [0x00000000d9900000,0x00000000da04d570,0x00000000da380000)
  to   space 10240K, 0% used [0x00000000dbd00000,0x00000000dbd00000,0x00000000dc700000)
 ParOldGen       total 58368K, used 8696K [0x0000000081c00000, 0x0000000085500000, 0x00000000d5f00000)
  object space 58368K, 14% used [0x0000000081c00000,0x000000008247e150,0x0000000085500000)
 Metaspace       used 28001K, capacity 28652K, committed 28800K, reserved 1073152K
  class space    used 3868K, capacity 4134K, committed 4224K, reserved 1048576K
}
Event: 10.457 GC heap before
{Heap before GC invocations=9 (full 1):
 PSYoungGen      total 70144K, used 66869K [0x00000000d5f00000, 0x00000000dc700000, 0x0000000100000000)
  eden space 59392K, 100% used [0x00000000d5f00000,0x00000000d9900000,0x00000000d9900000)
  from space 10752K, 69% used [0x00000000d9900000,0x00000000da04d570,0x00000000da380000)
  to   space 10240K, 0% used [0x00000000dbd00000,0x00000000dbd00000,0x00000000dc700000)
 ParOldGen       total 58368K, used 8696K [0x0000000081c00000, 0x0000000085500000, 0x00000000d5f00000)
  object space 58368K, 14% used [0x0000000081c00000,0x000000008247e150,0x0000000085500000)
 Metaspace       used 30728K, capacity 31648K, committed 31872K, reserved 1077248K
  class space    used 4270K, capacity 4659K, committed 4736K, reserved 1048576K
Event: 10.475 GC heap after
Heap after GC invocations=9 (full 1):
 PSYoungGen      total 93696K, used 10240K [0x00000000d5f00000, 0x00000000dd580000, 0x0000000100000000)
  eden space 83456K, 0% used [0x00000000d5f00000,0x00000000d5f00000,0x00000000db080000)
  from space 10240K, 100% used [0x00000000dbd00000,0x00000000dc700000,0x00000000dc700000)
  to   space 12800K, 0% used [0x00000000db080000,0x00000000db080000,0x00000000dbd00000)
 ParOldGen       total 58368K, used 12049K [0x0000000081c00000, 0x0000000085500000, 0x00000000d5f00000)
  object space 58368K, 20% used [0x0000000081c00000,0x00000000827c4440,0x0000000085500000)
 Metaspace       used 30728K, capacity 31648K, committed 31872K, reserved 1077248K
  class space    used 4270K, capacity 4659K, committed 4736K, reserved 1048576K
}
Event: 11.798 GC heap before
{Heap before GC invocations=10 (full 1):
 PSYoungGen      total 93696K, used 93269K [0x00000000d5f00000, 0x00000000dd580000, 0x0000000100000000)
  eden space 83456K, 99% used [0x00000000d5f00000,0x00000000db0156a0,0x00000000db080000)
  from space 10240K, 100% used [0x00000000dbd00000,0x00000000dc700000,0x00000000dc700000)
  to   space 12800K, 0% used [0x00000000db080000,0x00000000db080000,0x00000000dbd00000)
 ParOldGen       total 58368K, used 12049K [0x0000000081c00000, 0x0000000085500000, 0x00000000d5f00000)
  object space 58368K, 20% used [0x0000000081c00000,0x00000000827c4440,0x0000000085500000)
 Metaspace       used 34358K, capacity 35294K, committed 35416K, reserved 1079296K
  class space    used 4751K, capacity 5143K, committed 5208K, reserved 1048576K
Event: 11.829 GC heap after
Heap after GC invocations=10 (full 1):
 PSYoungGen      total 96256K, used 12780K [0x00000000d5f00000, 0x00000000df000000, 0x0000000100000000)
  eden space 83456K, 0% used [0x00000000d5f00000,0x00000000d5f00000,0x00000000db080000)
  from space 12800K, 99% used [0x00000000db080000,0x00000000dbcfb0c8,0x00000000dbd00000)
  to   space 16896K, 0% used [0x00000000ddf80000,0x00000000ddf80000,0x00000000df000000)
 ParOldGen       total 58368K, used 18502K [0x0000000081c00000, 0x0000000085500000, 0x00000000d5f00000)
  object space 58368K, 31% used [0x0000000081c00000,0x0000000082e11a70,0x0000000085500000)
 Metaspace       used 34358K, capacity 35294K, committed 35416K, reserved 1079296K
  class space    used 4751K, capacity 5143K, committed 5208K, reserved 1048576K
}
Event: 11.829 GC heap before
{Heap before GC invocations=11 (full 2):
 PSYoungGen      total 96256K, used 12780K [0x00000000d5f00000, 0x00000000df000000, 0x0000000100000000)
  eden space 83456K, 0% used [0x00000000d5f00000,0x00000000d5f00000,0x00000000db080000)
  from space 12800K, 99% used [0x00000000db080000,0x00000000dbcfb0c8,0x00000000dbd00000)
  to   space 16896K, 0% used [0x00000000ddf80000,0x00000000ddf80000,0x00000000df000000)
 ParOldGen       total 58368K, used 18502K [0x0000000081c00000, 0x0000000085500000, 0x00000000d5f00000)
  object space 58368K, 31% used [0x0000000081c00000,0x0000000082e11a70,0x0000000085500000)
 Metaspace       used 34358K, capacity 35294K, committed 35416K, reserved 1079296K
  class space    used 4751K, capacity 5143K, committed 5208K, reserved 1048576K
Event: 12.017 GC heap after
Heap after GC invocations=11 (full 2):
 PSYoungGen      total 96256K, used 0K [0x00000000d5f00000, 0x00000000df000000, 0x0000000100000000)
  eden space 83456K, 0% used [0x00000000d5f00000,0x00000000d5f00000,0x00000000db080000)
  from space 12800K, 0% used [0x00000000db080000,0x00000000db080000,0x00000000dbd00000)
  to   space 16896K, 0% used [0x00000000ddf80000,0x00000000ddf80000,0x00000000df000000)
 ParOldGen       total 58368K, used 28744K [0x0000000081c00000, 0x0000000085500000, 0x00000000d5f00000)
  object space 58368K, 49% used [0x0000000081c00000,0x00000000838122d8,0x0000000085500000)
 Metaspace       used 34358K, capacity 35294K, committed 35416K, reserved 1079296K
  class space    used 4751K, capacity 5143K, committed 5208K, reserved 1048576K
}

Deoptimization events (10 events):
Event: 11.473 Thread 0x0000000002e9e000 Uncommon trap: reason=unstable_if action=reinterpret pc=0x0000000003b7c800 method=java.util.Arrays.hashCode([Ljava/lang/Object;)I @ 34
Event: 11.473 Thread 0x0000000002e9e000 Uncommon trap: reason=unstable_if action=reinterpret pc=0x0000000003b45d64 method=java.lang.Integer.valueOf(I)Ljava/lang/Integer; @ 3
Event: 12.067 Thread 0x0000000002e9e000 Uncommon trap: reason=unstable_if action=reinterpret pc=0x0000000003d79538 method=java.lang.reflect.Executable.sharedToGenericString(IZ)Ljava/lang/String; @ 282
Event: 12.113 Thread 0x0000000002e9e000 Uncommon trap: reason=class_check action=maybe_recompile pc=0x000000000381e53c method=java.util.Hashtable.get(Ljava/lang/Object;)Ljava/lang/Object; @ 6
Event: 12.113 Thread 0x0000000002e9e000 Uncommon trap: reason=class_check action=maybe_recompile pc=0x000000000381e53c method=java.util.Hashtable.get(Ljava/lang/Object;)Ljava/lang/Object; @ 6
Event: 12.113 Thread 0x0000000002e9e000 Uncommon trap: reason=class_check action=maybe_recompile pc=0x000000000381e53c method=java.util.Hashtable.get(Ljava/lang/Object;)Ljava/lang/Object; @ 6
Event: 12.113 Thread 0x0000000002e9e000 Uncommon trap: reason=class_check action=maybe_recompile pc=0x000000000381e53c method=java.util.Hashtable.get(Ljava/lang/Object;)Ljava/lang/Object; @ 6
Event: 12.130 Thread 0x0000000002e9e000 Uncommon trap: reason=unstable_if action=reinterpret pc=0x00000000032749e8 method=java.lang.String.replace(CC)Ljava/lang/String; @ 2
Event: 12.134 Thread 0x0000000002e9e000 Uncommon trap: reason=unstable_if action=reinterpret pc=0x0000000003d9104c method=org.codehaus.groovy.runtime.metaclass.MetaMethodIndex.copyNonPrivateNonNewMetaMethods(Lorg/codehaus/groovy/runtime/metaclass/MetaMethodIndex$Entry;Lorg/codehaus/groovy/runti
Event: 12.134 Thread 0x0000000002e9e000 Uncommon trap: reason=unstable_if action=reinterpret pc=0x0000000003b4daf8 method=groovy.lang.MetaClassImpl$1MOPIter.methodNameAction(Ljava/lang/Class;Lorg/codehaus/groovy/runtime/metaclass/MetaMethodIndex$Entry;)V @ 259

Internal exceptions (10 events):
Event: 12.426 Thread 0x0000000002e9e000 Exception <a 'java/lang/ClassNotFoundException': com/android/build/gradle/tasks/PackageApplicationCustomizer> (0x00000000d8b1b268) thrown at [C:\re\workspace\8-2-build-windows-amd64-cygwin\jdk8u112\7884\hotspot\src\share\vm\classfile\systemDictionary.cpp,
Event: 12.428 Thread 0x0000000002e9e000 Exception <a 'java/lang/ClassNotFoundException': com/android/build/gradle/tasks/PackageApplication_DecoratedCustomizer> (0x00000000d8b71938) thrown at [C:\re\workspace\8-2-build-windows-amd64-cygwin\jdk8u112\7884\hotspot\src\share\vm\classfile\systemDicti
Event: 12.438 Thread 0x0000000002e9e000 Exception <a 'java/lang/ClassNotFoundException': com/android/build/gradle/internal/tasks/ValidateSigningTask_DecoratedBeanInfo> (0x00000000d8ce9b80) thrown at [C:\re\workspace\8-2-build-windows-amd64-cygwin\jdk8u112\7884\hotspot\src\share\vm\classfile\sys
Event: 12.438 Thread 0x0000000002e9e000 Exception <a 'java/lang/ClassNotFoundException': com/android/build/gradle/internal/tasks/ValidateSigningTaskBeanInfo> (0x00000000d8cfbff0) thrown at [C:\re\workspace\8-2-build-windows-amd64-cygwin\jdk8u112\7884\hotspot\src\share\vm\classfile\systemDiction
Event: 12.439 Thread 0x0000000002e9e000 Exception <a 'java/lang/ClassNotFoundException': com/android/build/gradle/internal/tasks/ValidateSigningTaskCustomizer> (0x00000000d8d0e6c8) thrown at [C:\re\workspace\8-2-build-windows-amd64-cygwin\jdk8u112\7884\hotspot\src\share\vm\classfile\systemDicti
Event: 12.440 Thread 0x0000000002e9e000 Exception <a 'java/lang/ClassNotFoundException': com/android/build/gradle/internal/tasks/ValidateSigningTask_DecoratedCustomizer> (0x00000000d8d63248) thrown at [C:\re\workspace\8-2-build-windows-amd64-cygwin\jdk8u112\7884\hotspot\src\share\vm\classfile\s
Event: 12.451 Thread 0x0000000002e9e000 Exception <a 'java/lang/ClassNotFoundException': com/android/build/gradle/tasks/ZipAlign_DecoratedBeanInfo> (0x00000000d8ee74a8) thrown at [C:\re\workspace\8-2-build-windows-amd64-cygwin\jdk8u112\7884\hotspot\src\share\vm\classfile\systemDictionary.cpp, l
Event: 12.451 Thread 0x0000000002e9e000 Exception <a 'java/lang/ClassNotFoundException': com/android/build/gradle/tasks/ZipAlignBeanInfo> (0x00000000d8ef5bb8) thrown at [C:\re\workspace\8-2-build-windows-amd64-cygwin\jdk8u112\7884\hotspot\src\share\vm\classfile\systemDictionary.cpp, line 210]
Event: 12.451 Thread 0x0000000002e9e000 Exception <a 'java/lang/ClassNotFoundException': com/android/build/gradle/tasks/ZipAlignCustomizer> (0x00000000d8f043d8) thrown at [C:\re\workspace\8-2-build-windows-amd64-cygwin\jdk8u112\7884\hotspot\src\share\vm\classfile\systemDictionary.cpp, line 210]
Event: 12.452 Thread 0x0000000002e9e000 Exception <a 'java/lang/ClassNotFoundException': com/android/build/gradle/tasks/ZipAlign_DecoratedCustomizer> (0x00000000d8f2cf30) thrown at [C:\re\workspace\8-2-build-windows-amd64-cygwin\jdk8u112\7884\hotspot\src\share\vm\classfile\systemDictionary.cpp,

Events (10 events):
Event: 12.451 loading class com/android/build/gradle/tasks/ZipAlignCustomizer
Event: 12.451 loading class com/android/build/gradle/tasks/ZipAlignCustomizer done
Event: 12.451 loading class com/android/build/gradle/tasks/ZipAlignCustomizer
Event: 12.451 loading class com/android/build/gradle/tasks/ZipAlignCustomizer done
Event: 12.452 loading class com/android/build/gradle/tasks/ZipAlign_DecoratedCustomizer
Event: 12.452 loading class com/android/build/gradle/tasks/ZipAlign_DecoratedCustomizer done
Event: 12.452 loading class com/android/build/gradle/tasks/ZipAlign_DecoratedCustomizer
Event: 12.452 loading class com/android/build/gradle/tasks/ZipAlign_DecoratedCustomizer done
Event: 12.452 loading class com/android/build/gradle/tasks/ZipAlign_DecoratedCustomizer
Event: 12.452 loading class com/android/build/gradle/tasks/ZipAlign_DecoratedCustomizer done


Dynamic libraries:
0x00007ff6b9e60000 - 0x00007ff6b9e97000 	C:\ProgramData\Oracle\Java\javapath\java.exe
0x00007ffd75f30000 - 0x00007ffd76101000 	C:\WINDOWS\SYSTEM32\ntdll.dll
0x00007ffd73d00000 - 0x00007ffd73dab000 	C:\WINDOWS\System32\KERNEL32.DLL
0x00007ffd72870000 - 0x00007ffd72a8d000 	C:\WINDOWS\System32\KERNELBASE.dll
0x00007ffd734c0000 - 0x00007ffd73562000 	C:\WINDOWS\System32\ADVAPI32.dll
0x00007ffd73c60000 - 0x00007ffd73cfe000 	C:\WINDOWS\System32\msvcrt.dll
0x00007ffd73610000 - 0x00007ffd73669000 	C:\WINDOWS\System32\sechost.dll
0x00007ffd75c10000 - 0x00007ffd75d31000 	C:\WINDOWS\System32\RPCRT4.dll
0x00007ffd73670000 - 0x00007ffd737d5000 	C:\WINDOWS\System32\USER32.dll
0x00007ffd72dc0000 - 0x00007ffd72dde000 	C:\WINDOWS\System32\win32u.dll
0x00007ffd73990000 - 0x00007ffd739c4000 	C:\WINDOWS\System32\GDI32.dll
0x00007ffd724f0000 - 0x00007ffd72672000 	C:\WINDOWS\System32\gdi32full.dll
0x00007ffd66c20000 - 0x00007ffd66e99000 	C:\WINDOWS\WinSxS\amd64_microsoft.windows.common-controls_6595b64144ccf1df_6.0.14393.447_none_42191651c6827bb3\COMCTL32.dll
0x00007ffd754a0000 - 0x00007ffd75768000 	C:\WINDOWS\System32\combase.dll
0x00007ffd72770000 - 0x00007ffd72865000 	C:\WINDOWS\System32\ucrtbase.dll
0x00007ffd72420000 - 0x00007ffd7248a000 	C:\WINDOWS\System32\bcryptPrimitives.dll
0x00007ffd75d40000 - 0x00007ffd75d6e000 	C:\WINDOWS\System32\IMM32.DLL
0x0000000056d40000 - 0x0000000056e12000 	C:\Program Files\Java\jre1.8.0_112\bin\msvcr100.dll
0x00000000564a0000 - 0x0000000056d3a000 	C:\Program Files\Java\jre1.8.0_112\bin\server\jvm.dll
0x00007ffd73980000 - 0x00007ffd73988000 	C:\WINDOWS\System32\PSAPI.DLL
0x00007ffd5b230000 - 0x00007ffd5b239000 	C:\WINDOWS\SYSTEM32\WSOCK32.dll
0x00007ffd70520000 - 0x00007ffd70543000 	C:\WINDOWS\SYSTEM32\WINMM.dll
0x00007ffd70910000 - 0x00007ffd7091a000 	C:\WINDOWS\SYSTEM32\VERSION.dll
0x00007ffd73bf0000 - 0x00007ffd73c5a000 	C:\WINDOWS\System32\WS2_32.dll
0x00007ffd70380000 - 0x00007ffd703ab000 	C:\WINDOWS\SYSTEM32\WINMMBASE.dll
0x00007ffd72720000 - 0x00007ffd72762000 	C:\WINDOWS\System32\cfgmgr32.dll
0x0000000056490000 - 0x000000005649f000 	C:\Program Files\Java\jre1.8.0_112\bin\verify.dll
0x0000000056460000 - 0x0000000056489000 	C:\Program Files\Java\jre1.8.0_112\bin\java.dll
0x0000000056440000 - 0x0000000056456000 	C:\Program Files\Java\jre1.8.0_112\bin\zip.dll
0x00007ffd73e90000 - 0x00007ffd75399000 	C:\WINDOWS\System32\SHELL32.dll
0x00007ffd72de0000 - 0x00007ffd734ba000 	C:\WINDOWS\System32\windows.storage.dll
0x00007ffd723d0000 - 0x00007ffd7241c000 	C:\WINDOWS\System32\powrprof.dll
0x00007ffd73a30000 - 0x00007ffd73a82000 	C:\WINDOWS\System32\shlwapi.dll
0x00007ffd723a0000 - 0x00007ffd723af000 	C:\WINDOWS\System32\kernel.appcore.dll
0x00007ffd72b40000 - 0x00007ffd72be9000 	C:\WINDOWS\System32\shcore.dll
0x00007ffd723b0000 - 0x00007ffd723c4000 	C:\WINDOWS\System32\profapi.dll
0x0000000056420000 - 0x000000005643a000 	C:\Program Files\Java\jre1.8.0_112\bin\net.dll
0x00007ffd719c0000 - 0x00007ffd71a1c000 	C:\WINDOWS\system32\mswsock.dll
0x0000000056400000 - 0x0000000056411000 	C:\Program Files\Java\jre1.8.0_112\bin\nio.dll
0x00007ffd6a0b0000 - 0x00007ffd6a0c2000 	C:\Users\loic.vyncke.UPSELL\.gradle\native\19\windows-amd64\native-platform.dll
0x0000000180000000 - 0x0000000180037000 	C:\Users\loic.vyncke.UPSELL\.gradle\native\jna\win32-amd64\jnidispatch.dll
0x00007ffd71e50000 - 0x00007ffd71e67000 	C:\WINDOWS\SYSTEM32\CRYPTSP.dll
0x00007ffd715e0000 - 0x00007ffd71613000 	C:\WINDOWS\system32\rsaenh.dll
0x00007ffd71e20000 - 0x00007ffd71e4b000 	C:\WINDOWS\SYSTEM32\bcrypt.dll
0x00007ffd71840000 - 0x00007ffd7185f000 	C:\WINDOWS\SYSTEM32\USERENV.dll
0x00007ffd71b60000 - 0x00007ffd71b6b000 	C:\WINDOWS\SYSTEM32\CRYPTBASE.dll
0x00007ffd71750000 - 0x00007ffd71788000 	C:\WINDOWS\SYSTEM32\IPHLPAPI.DLL
0x00007ffd75770000 - 0x00007ffd75778000 	C:\WINDOWS\System32\NSI.dll
0x00007ffd6e590000 - 0x00007ffd6e5a6000 	C:\WINDOWS\SYSTEM32\dhcpcsvc6.DLL
0x00007ffd6e570000 - 0x00007ffd6e58a000 	C:\WINDOWS\SYSTEM32\dhcpcsvc.DLL
0x00000000563f0000 - 0x00000000563fd000 	C:\Program Files\Java\jre1.8.0_112\bin\management.dll

VM Arguments:
jvm_args: -Dorg.gradle.appname=gradlew 
java_command: org.gradle.wrapper.GradleWrapperMain installDebug
java_class_path (initial): C:\Users\loic.vyncke.UPSELL\CommandeProject\android\\gradle\wrapper\gradle-wrapper.jar
Launcher Type: SUN_STANDARD

Environment Variables:
CLASSPATH=C:\Users\loic.vyncke.UPSELL\CommandeProject\android\\gradle\wrapper\gradle-wrapper.jar
PATH=C:\ProgramData\Oracle\Java\javapath;C:\Program Files (x86)\Intel\iCLS Client\;C:\Program Files\Intel\iCLS Client\;C:\WINDOWS\system32;C:\WINDOWS;C:\WINDOWS\System32\Wbem;C:\WINDOWS\System32\WindowsPowerShell\v1.0\;C:\Program Files (x86)\Intel\Intel(R) Management Engine Components\DAL;C:\Program Files\Intel\Intel(R) Management Engine Components\DAL;C:\Program Files (x86)\Intel\Intel(R) Management Engine Components\IPT;C:\Program Files\Intel\Intel(R) Management Engine Components\IPT;C:\Program Files (x86)\ATI Technologies\ATI.ACE\Core-Static;C:\Program Files\Microsoft SQL Server\Client SDK\ODBC\110\Tools\Binn\;C:\Program Files (x86)\Microsoft SQL Server\120\Tools\Binn\ManagementStudio\;C:\Program Files (x86)\Microsoft SQL Server\120\Tools\Binn\;C:\Program Files\Microsoft SQL Server\120\Tools\Binn\;C:\Program Files (x86)\Microsoft SQL Server\120\DTS\Binn\;C:\Program Files\Microsoft SQL Server\120\DTS\Binn\;C:\Program Files\TortoiseSVN\bin;C:\PsExec;C:\ProgramData\chocolatey\bin;C:\Program Files\nodejs\;C:\Program Files\TortoiseHg\;C:\Program Files\Git\cmd;C:\Program Files\Intel\WiFi\bin\;C:\Program Files\Common Files\Intel\WirelessCommon\;C:\Users\loic.vyncke.UPSELL\AppData\Local\Microsoft\WindowsApps;C:\Users\loic.vyncke.UPSELL\AppData\Roaming\npm;C:\Users\loic.vyncke.UPSELL\AppData\Local\atom\bin
USERNAME=loic.vyncke
OS=Windows_NT
PROCESSOR_IDENTIFIER=Intel64 Family 6 Model 78 Stepping 3, GenuineIntel



---------------  S Y S T E M  ---------------

OS: Windows 10.0 , 64 bit Build 14393 (10.0.14393.0)

CPU:total 4 (2 cores per cpu, 2 threads per core) family 6 model 78 stepping 3, cmov, cx8, fxsr, mmx, sse, sse2, sse3, ssse3, sse4.1, sse4.2, popcnt, avx, avx2, aes, clmul, erms, 3dnowpref, lzcnt, ht, tsc, tscinvbit, bmi1, bmi2, adx

Memory: 4k page, physical 8268904k(628832k free), swap 10219624k(6084k free)

vm_info: Java HotSpot(TM) 64-Bit Server VM (25.112-b15) for windows-amd64 JRE (1.8.0_112-b15), built on Sep 22 2016 21:31:56 by "java_re" with MS VC++ 10.0 (VS2010)

time: Fri Mar 03 11:43:13 2017
elapsed time: 12 seconds (0d 0h 0m 12s)

