#
# There is insufficient memory for the Java Runtime Environment to continue.
# Native memory allocation (malloc) failed to allocate 1289472 bytes for Chunk::new
# Possible reasons:
#   The system is out of physical RAM or swap space
#   In 32 bit mode, the process size limit was hit
# Possible solutions:
#   Reduce memory load on the system
#   Increase physical memory or swap space
#   Check if swap backing store is full
#   Use 64 bit Java on a 64 bit OS
#   Decrease Java heap size (-Xmx/-Xms)
#   Decrease number of Java threads
#   Decrease Java thread stack sizes (-Xss)
#   Set larger code cache with -XX:ReservedCodeCacheSize=
# This output file may be truncated or incomplete.
#
#  Out of Memory Error (allocation.cpp:390), pid=7572, tid=0x0000000000000054
#
# JRE version: Java(TM) SE Runtime Environment (8.0_112-b15) (build 1.8.0_112-b15)
# Java VM: Java HotSpot(TM) 64-Bit Server VM (25.112-b15 mixed mode windows-amd64 compressed oops)
# Failed to write core dump. Minidumps are not enabled by default on client versions of Windows
#

---------------  T H R E A D  ---------------

Current thread (0x00000000173c4800):  JavaThread "C2 CompilerThread1" daemon [_thread_in_native, id=84, stack(0x0000000018b20000,0x0000000018c20000)]

Stack: [0x0000000018b20000,0x0000000018c20000]
[error occurred during error reporting (printing stack bounds), id 0xc0000005]

Native frames: (J=compiled Java code, j=interpreted, Vv=VM code, C=native code)


Current CompileTask:
C2:  12603 2551       4       org.codehaus.groovy.reflection.CachedMethod::compareTo (25 bytes)


---------------  P R O C E S S  ---------------

Java Threads: ( => current thread )
  0x000000001bd4b800 JavaThread "File lock request listener" [_thread_in_native, id=12352, stack(0x000000001f190000,0x000000001f290000)]
  0x000000001741e000 JavaThread "Service Thread" daemon [_thread_blocked, id=7800, stack(0x0000000019120000,0x0000000019220000)]
  0x00000000173eb800 JavaThread "C1 CompilerThread2" daemon [_thread_in_native, id=6868, stack(0x0000000018c20000,0x0000000018d20000)]
=>0x00000000173c4800 JavaThread "C2 CompilerThread1" daemon [_thread_in_native, id=84, stack(0x0000000018b20000,0x0000000018c20000)]
  0x00000000173c2000 JavaThread "C2 CompilerThread0" daemon [_thread_in_native, id=12448, stack(0x0000000018a20000,0x0000000018b20000)]
  0x00000000173bf000 JavaThread "Attach Listener" daemon [_thread_blocked, id=9924, stack(0x0000000018920000,0x0000000018a20000)]
  0x00000000173bc000 JavaThread "Signal Dispatcher" daemon [_thread_blocked, id=8132, stack(0x0000000018820000,0x0000000018920000)]
  0x000000000288b800 JavaThread "Finalizer" daemon [_thread_blocked, id=8712, stack(0x0000000018610000,0x0000000018710000)]
  0x0000000017389000 JavaThread "Reference Handler" daemon [_thread_blocked, id=13856, stack(0x0000000018510000,0x0000000018610000)]
  0x000000000278e000 JavaThread "main" [_thread_in_Java, id=11280, stack(0x0000000002680000,0x0000000002780000)]

Other Threads:
  0x0000000017386800 VMThread [stack: 0x0000000018410000,0x0000000018510000] [id=3836]
  0x0000000018d55800 WatcherThread [stack: 0x0000000019380000,0x0000000019480000] [id=13760]

VM state:not at safepoint (normal execution)

VM Mutex/Monitor currently owned by a thread: None

Heap:
 PSYoungGen      total 59904K, used 43733K [0x00000000d5f00000, 0x00000000da400000, 0x0000000100000000)
  eden space 49152K, 73% used [0x00000000d5f00000,0x00000000d8271c40,0x00000000d8f00000)
  from space 10752K, 69% used [0x00000000d9980000,0x00000000da0c3b70,0x00000000da400000)
  to   space 10752K, 0% used [0x00000000d8f00000,0x00000000d8f00000,0x00000000d9980000)
 ParOldGen       total 53248K, used 8654K [0x0000000081c00000, 0x0000000085000000, 0x00000000d5f00000)
  object space 53248K, 16% used [0x0000000081c00000,0x00000000824738c8,0x0000000085000000)
 Metaspace       used 30223K, capacity 31050K, committed 31232K, reserved 1075200K
  class space    used 4184K, capacity 4526K, committed 4608K, reserved 1048576K

Card table byte_map: [0x0000000011c50000,0x0000000012050000] byte_map_base: 0x0000000011842000

Marking Bits: (ParMarkBitMap*) 0x0000000056cba6d0
 Begin Bits: [0x0000000012700000, 0x0000000014690000)
 End Bits:   [0x0000000014690000, 0x0000000016620000)

Polling page: 0x0000000000990000

CodeCache: size=245760Kb used=10684Kb max_used=10684Kb free=235075Kb
 bounds [0x0000000002890000, 0x0000000003310000, 0x0000000011890000]
 total_blobs=3244 nmethods=2589 adapters=567
 compilation: enabled

Compilation events (10 events):
Event: 12.577 Thread 0x00000000173eb800 2636       3       org.gradle.api.internal.AsmBackedClassGenerator$ClassBuilderImpl::addGetter (51 bytes)
Event: 12.577 Thread 0x00000000173eb800 nmethod 2636 0x0000000003300e50 code [0x0000000003301000, 0x0000000003301618]
Event: 12.577 Thread 0x00000000173eb800 2637       1       org.gradle.api.internal.AsmBackedClassGenerator$ClassBuilderImpl::access$600 (5 bytes)
Event: 12.577 Thread 0x00000000173eb800 nmethod 2637 0x00000000033018d0 code [0x0000000003301a20, 0x0000000003301b10]
Event: 12.584 Thread 0x00000000173eb800 2638       3       java.lang.reflect.Proxy$Key1::equals (47 bytes)
Event: 12.585 Thread 0x00000000173eb800 nmethod 2638 0x0000000003301b90 code [0x0000000003301d20, 0x0000000003302370]
Event: 12.585 Thread 0x00000000173eb800 2639       3       java.lang.reflect.WeakCache$CacheKey::equals (46 bytes)
Event: 12.585 Thread 0x00000000173eb800 nmethod 2639 0x0000000003302490 code [0x0000000003302600, 0x0000000003302bf0]
Event: 12.587 Thread 0x00000000173eb800 2640       3       org.codehaus.groovy.runtime.GroovyCategorySupport::hasCategoryInCurrentThread (32 bytes)
Event: 12.587 Thread 0x00000000173eb800 nmethod 2640 0x0000000003302cd0 code [0x0000000003302e80, 0x00000000033035e8]

GC Heap History (10 events):
Event: 9.337 GC heap before
{Heap before GC invocations=5 (full 0):
 PSYoungGen      total 38400K, used 19057K [0x00000000d5f00000, 0x00000000d8980000, 0x0000000100000000)
  eden space 33280K, 41% used [0x00000000d5f00000,0x00000000d6ca4498,0x00000000d7f80000)
  from space 5120K, 99% used [0x00000000d8480000,0x00000000d8978030,0x00000000d8980000)
  to   space 5120K, 0% used [0x00000000d7f80000,0x00000000d7f80000,0x00000000d8480000)
 ParOldGen       total 87552K, used 8888K [0x0000000081c00000, 0x0000000087180000, 0x00000000d5f00000)
  object space 87552K, 10% used [0x0000000081c00000,0x00000000824ae3c0,0x0000000087180000)
 Metaspace       used 20720K, capacity 21066K, committed 21248K, reserved 1067008K
  class space    used 2871K, capacity 3000K, committed 3072K, reserved 1048576K
Event: 9.359 GC heap after
Heap after GC invocations=5 (full 0):
 PSYoungGen      total 38400K, used 5104K [0x00000000d5f00000, 0x00000000d8980000, 0x0000000100000000)
  eden space 33280K, 0% used [0x00000000d5f00000,0x00000000d5f00000,0x00000000d7f80000)
  from space 5120K, 99% used [0x00000000d7f80000,0x00000000d847c030,0x00000000d8480000)
  to   space 5120K, 0% used [0x00000000d8480000,0x00000000d8480000,0x00000000d8980000)
 ParOldGen       total 87552K, used 10528K [0x0000000081c00000, 0x0000000087180000, 0x00000000d5f00000)
  object space 87552K, 12% used [0x0000000081c00000,0x0000000082648088,0x0000000087180000)
 Metaspace       used 20720K, capacity 21066K, committed 21248K, reserved 1067008K
  class space    used 2871K, capacity 3000K, committed 3072K, reserved 1048576K
}
Event: 9.359 GC heap before
{Heap before GC invocations=6 (full 1):
 PSYoungGen      total 38400K, used 5104K [0x00000000d5f00000, 0x00000000d8980000, 0x0000000100000000)
  eden space 33280K, 0% used [0x00000000d5f00000,0x00000000d5f00000,0x00000000d7f80000)
  from space 5120K, 99% used [0x00000000d7f80000,0x00000000d847c030,0x00000000d8480000)
  to   space 5120K, 0% used [0x00000000d8480000,0x00000000d8480000,0x00000000d8980000)
 ParOldGen       total 87552K, used 10528K [0x0000000081c00000, 0x0000000087180000, 0x00000000d5f00000)
  object space 87552K, 12% used [0x0000000081c00000,0x0000000082648088,0x0000000087180000)
 Metaspace       used 20720K, capacity 21066K, committed 21248K, reserved 1067008K
  class space    used 2871K, capacity 3000K, committed 3072K, reserved 1048576K
Event: 9.432 GC heap after
Heap after GC invocations=6 (full 1):
 PSYoungGen      total 38400K, used 0K [0x00000000d5f00000, 0x00000000d8980000, 0x0000000100000000)
  eden space 33280K, 0% used [0x00000000d5f00000,0x00000000d5f00000,0x00000000d7f80000)
  from space 5120K, 0% used [0x00000000d7f80000,0x00000000d7f80000,0x00000000d8480000)
  to   space 5120K, 0% used [0x00000000d8480000,0x00000000d8480000,0x00000000d8980000)
 ParOldGen       total 53248K, used 8566K [0x0000000081c00000, 0x0000000085000000, 0x00000000d5f00000)
  object space 53248K, 16% used [0x0000000081c00000,0x000000008245d8b8,0x0000000085000000)
 Metaspace       used 20720K, capacity 21066K, committed 21248K, reserved 1067008K
  class space    used 2871K, capacity 3000K, committed 3072K, reserved 1048576K
}
Event: 10.013 GC heap before
{Heap before GC invocations=7 (full 1):
 PSYoungGen      total 38400K, used 33280K [0x00000000d5f00000, 0x00000000d8980000, 0x0000000100000000)
  eden space 33280K, 100% used [0x00000000d5f00000,0x00000000d7f80000,0x00000000d7f80000)
  from space 5120K, 0% used [0x00000000d7f80000,0x00000000d7f80000,0x00000000d8480000)
  to   space 5120K, 0% used [0x00000000d8480000,0x00000000d8480000,0x00000000d8980000)
 ParOldGen       total 53248K, used 8566K [0x0000000081c00000, 0x0000000085000000, 0x00000000d5f00000)
  object space 53248K, 16% used [0x0000000081c00000,0x000000008245d8b8,0x0000000085000000)
 Metaspace       used 24835K, capacity 25358K, committed 25728K, reserved 1071104K
  class space    used 3435K, capacity 3663K, committed 3712K, reserved 1048576K
Event: 10.019 GC heap after
Heap after GC invocations=7 (full 1):
 PSYoungGen      total 33280K, used 4026K [0x00000000d5f00000, 0x00000000dad80000, 0x0000000100000000)
  eden space 28160K, 0% used [0x00000000d5f00000,0x00000000d5f00000,0x00000000d7a80000)
  from space 5120K, 78% used [0x00000000d8480000,0x00000000d886e940,0x00000000d8980000)
  to   space 10240K, 0% used [0x00000000d7a80000,0x00000000d7a80000,0x00000000d8480000)
 ParOldGen       total 53248K, used 8574K [0x0000000081c00000, 0x0000000085000000, 0x00000000d5f00000)
  object space 53248K, 16% used [0x0000000081c00000,0x000000008245f8b8,0x0000000085000000)
 Metaspace       used 24835K, capacity 25358K, committed 25728K, reserved 1071104K
  class space    used 3435K, capacity 3663K, committed 3712K, reserved 1048576K
}
Event: 11.705 GC heap before
{Heap before GC invocations=8 (full 1):
 PSYoungGen      total 33280K, used 32186K [0x00000000d5f00000, 0x00000000dad80000, 0x0000000100000000)
  eden space 28160K, 100% used [0x00000000d5f00000,0x00000000d7a80000,0x00000000d7a80000)
  from space 5120K, 78% used [0x00000000d8480000,0x00000000d886e940,0x00000000d8980000)
  to   space 10240K, 0% used [0x00000000d7a80000,0x00000000d7a80000,0x00000000d8480000)
 ParOldGen       total 53248K, used 8574K [0x0000000081c00000, 0x0000000085000000, 0x00000000d5f00000)
  object space 53248K, 16% used [0x0000000081c00000,0x000000008245f8b8,0x0000000085000000)
 Metaspace       used 25555K, capacity 26202K, committed 26368K, reserved 1071104K
  class space    used 3489K, capacity 3740K, committed 3840K, reserved 1048576K
Event: 11.711 GC heap after
Heap after GC invocations=8 (full 1):
 PSYoungGen      total 38400K, used 4032K [0x00000000d5f00000, 0x00000000da400000, 0x0000000100000000)
  eden space 28160K, 0% used [0x00000000d5f00000,0x00000000d5f00000,0x00000000d7a80000)
  from space 10240K, 39% used [0x00000000d7a80000,0x00000000d7e70000,0x00000000d8480000)
  to   space 10752K, 0% used [0x00000000d9980000,0x00000000d9980000,0x00000000da400000)
 ParOldGen       total 53248K, used 8646K [0x0000000081c00000, 0x0000000085000000, 0x00000000d5f00000)
  object space 53248K, 16% used [0x0000000081c00000,0x00000000824718c8,0x0000000085000000)
 Metaspace       used 25555K, capacity 26202K, committed 26368K, reserved 1071104K
  class space    used 3489K, capacity 3740K, committed 3840K, reserved 1048576K
}
Event: 12.154 GC heap before
{Heap before GC invocations=9 (full 1):
 PSYoungGen      total 38400K, used 32192K [0x00000000d5f00000, 0x00000000da400000, 0x0000000100000000)
  eden space 28160K, 100% used [0x00000000d5f00000,0x00000000d7a80000,0x00000000d7a80000)
  from space 10240K, 39% used [0x00000000d7a80000,0x00000000d7e70000,0x00000000d8480000)
  to   space 10752K, 0% used [0x00000000d9980000,0x00000000d9980000,0x00000000da400000)
 ParOldGen       total 53248K, used 8646K [0x0000000081c00000, 0x0000000085000000, 0x00000000d5f00000)
  object space 53248K, 16% used [0x0000000081c00000,0x00000000824718c8,0x0000000085000000)
 Metaspace       used 28150K, capacity 28876K, committed 29056K, reserved 1075200K
  class space    used 3894K, capacity 4166K, committed 4224K, reserved 1048576K
Event: 12.161 GC heap after
Heap after GC invocations=9 (full 1):
 PSYoungGen      total 59904K, used 7438K [0x00000000d5f00000, 0x00000000da400000, 0x0000000100000000)
  eden space 49152K, 0% used [0x00000000d5f00000,0x00000000d5f00000,0x00000000d8f00000)
  from space 10752K, 69% used [0x00000000d9980000,0x00000000da0c3b70,0x00000000da400000)
  to   space 10752K, 0% used [0x00000000d8f00000,0x00000000d8f00000,0x00000000d9980000)
 ParOldGen       total 53248K, used 8654K [0x0000000081c00000, 0x0000000085000000, 0x00000000d5f00000)
  object space 53248K, 16% used [0x0000000081c00000,0x00000000824738c8,0x0000000085000000)
 Metaspace       used 28150K, capacity 28876K, committed 29056K, reserved 1075200K
  class space    used 3894K, capacity 4166K, committed 4224K, reserved 1048576K
}

Deoptimization events (10 events):
Event: 10.489 Thread 0x000000000278e000 Uncommon trap: reason=array_check action=maybe_recompile pc=0x00000000030c60dc method=java.util.AbstractCollection.toArray([Ljava/lang/Object;)[Ljava/lang/Object; @ 119
Event: 10.489 Thread 0x000000000278e000 Uncommon trap: reason=array_check action=maybe_recompile pc=0x00000000030c60dc method=java.util.AbstractCollection.toArray([Ljava/lang/Object;)[Ljava/lang/Object; @ 119
Event: 10.489 Thread 0x000000000278e000 Uncommon trap: reason=array_check action=maybe_recompile pc=0x00000000030c60dc method=java.util.AbstractCollection.toArray([Ljava/lang/Object;)[Ljava/lang/Object; @ 119
Event: 10.489 Thread 0x000000000278e000 Uncommon trap: reason=array_check action=maybe_recompile pc=0x00000000030c60dc method=java.util.AbstractCollection.toArray([Ljava/lang/Object;)[Ljava/lang/Object; @ 119
Event: 10.490 Thread 0x000000000278e000 Uncommon trap: reason=unstable_if action=reinterpret pc=0x0000000002ab4c74 method=java.util.HashMap.getNode(ILjava/lang/Object;)Ljava/util/HashMap$Node; @ 129
Event: 11.758 Thread 0x000000000278e000 Uncommon trap: reason=unstable_if action=reinterpret pc=0x0000000002efdea8 method=groovy.lang.MetaClassImpl$1MOPIter.methodNameAction(Ljava/lang/Class;Lorg/codehaus/groovy/runtime/metaclass/MetaMethodIndex$Entry;)V @ 95
Event: 12.110 Thread 0x000000000278e000 Uncommon trap: reason=unstable_if action=reinterpret pc=0x0000000002b376f0 method=java.util.LinkedHashMap.afterNodeInsertion(Z)V @ 1
Event: 12.183 Thread 0x000000000278e000 Uncommon trap: reason=unstable_if action=reinterpret pc=0x0000000002ba9978 method=java.util.HashMap.hash(Ljava/lang/Object;)I @ 1
Event: 12.197 Thread 0x000000000278e000 Uncommon trap: reason=unstable_if action=reinterpret pc=0x0000000002a4d428 method=java.util.HashMap.hash(Ljava/lang/Object;)I @ 1
Event: 12.433 Thread 0x000000000278e000 Uncommon trap: reason=unstable_if action=reinterpret pc=0x000000000320c5c0 method=groovy.lang.MetaClassImpl.checkIfStdMethod(Lgroovy/lang/MetaMethod;)V @ 79

Internal exceptions (10 events):
Event: 12.584 Thread 0x000000000278e000 Exception <a 'java/lang/ClassNotFoundException': com/android/build/gradle/internal/dsl/SigningConfigCustomizer> (0x00000000d8062fe0) thrown at [C:\re\workspace\8-2-build-windows-amd64-cygwin\jdk8u112\7884\hotspot\src\share\vm\classfile\systemDictionary.cp
Event: 12.585 Thread 0x000000000278e000 Exception <a 'java/lang/ClassNotFoundException': com/android/build/gradle/internal/dsl/SigningConfig_DecoratedCustomizer> (0x00000000d8083250) thrown at [C:\re\workspace\8-2-build-windows-amd64-cygwin\jdk8u112\7884\hotspot\src\share\vm\classfile\systemDic
Event: 12.588 Thread 0x000000000278e000 Exception <a 'java/lang/ClassNotFoundException': com/android/builder/model/SigningConfigBeanInfo> (0x00000000d80dcb88) thrown at [C:\re\workspace\8-2-build-windows-amd64-cygwin\jdk8u112\7884\hotspot\src\share\vm\classfile\systemDictionary.cpp, line 210]
Event: 12.589 Thread 0x000000000278e000 Exception <a 'java/lang/ClassNotFoundException': com/android/builder/model/SigningConfigCustomizer> (0x00000000d80e9160) thrown at [C:\re\workspace\8-2-build-windows-amd64-cygwin\jdk8u112\7884\hotspot\src\share\vm\classfile\systemDictionary.cpp, line 210]
Event: 12.589 Thread 0x000000000278e000 Exception <a 'java/lang/ClassNotFoundException': java/io/SerializableBeanInfo> (0x00000000d8100708) thrown at [C:\re\workspace\8-2-build-windows-amd64-cygwin\jdk8u112\7884\hotspot\src\share\vm\classfile\systemDictionary.cpp, line 210]
Event: 12.590 Thread 0x000000000278e000 Exception <a 'java/lang/ClassNotFoundException': java/io/SerializableCustomizer> (0x00000000d8106980) thrown at [C:\re\workspace\8-2-build-windows-amd64-cygwin\jdk8u112\7884\hotspot\src\share\vm\classfile\systemDictionary.cpp, line 210]
Event: 12.591 Thread 0x000000000278e000 Exception <a 'java/lang/ClassNotFoundException': org/gradle/api/NamedBeanInfo> (0x00000000d812b740) thrown at [C:\re\workspace\8-2-build-windows-amd64-cygwin\jdk8u112\7884\hotspot\src\share\vm\classfile\systemDictionary.cpp, line 210]
Event: 12.591 Thread 0x000000000278e000 Exception <a 'java/lang/ClassNotFoundException': org/gradle/api/NamedCustomizer> (0x00000000d8146330) thrown at [C:\re\workspace\8-2-build-windows-amd64-cygwin\jdk8u112\7884\hotspot\src\share\vm\classfile\systemDictionary.cpp, line 210]
Event: 12.592 Thread 0x000000000278e000 Exception <a 'java/lang/ClassNotFoundException': com/android/build/gradle/internal/dsl/CoreSigningConfigBeanInfo> (0x00000000d8162d38) thrown at [C:\re\workspace\8-2-build-windows-amd64-cygwin\jdk8u112\7884\hotspot\src\share\vm\classfile\systemDictionary.
Event: 12.592 Thread 0x000000000278e000 Exception <a 'java/lang/ClassNotFoundException': com/android/build/gradle/internal/dsl/CoreSigningConfigCustomizer> (0x00000000d81712d8) thrown at [C:\re\workspace\8-2-build-windows-amd64-cygwin\jdk8u112\7884\hotspot\src\share\vm\classfile\systemDictionar

Events (10 events):
Event: 12.592 loading class com/android/build/gradle/internal/dsl/CoreSigningConfigBeanInfo
Event: 12.592 loading class com/android/build/gradle/internal/dsl/CoreSigningConfigBeanInfo done
Event: 12.592 loading class com/android/build/gradle/internal/dsl/CoreSigningConfigCustomizer
Event: 12.592 loading class com/android/build/gradle/internal/dsl/CoreSigningConfigCustomizer done
Event: 12.592 loading class com/android/build/gradle/internal/dsl/CoreSigningConfigCustomizer
Event: 12.592 loading class com/android/build/gradle/internal/dsl/CoreSigningConfigCustomizer done
Event: 12.592 loading class com/google/common/base/Objects$ToStringHelper
Event: 12.592 loading class com/google/common/base/Objects$ToStringHelper done
Event: 12.593 loading class com/google/common/base/Objects$ToStringHelper$ValueHolder
Event: 12.593 loading class com/google/common/base/Objects$ToStringHelper$ValueHolder done


Dynamic libraries:
0x00007ff629420000 - 0x00007ff629457000 	C:\ProgramData\Oracle\Java\javapath\java.exe
0x00007ffd75f30000 - 0x00007ffd76101000 	C:\WINDOWS\SYSTEM32\ntdll.dll
0x00007ffd73d00000 - 0x00007ffd73dab000 	C:\WINDOWS\System32\KERNEL32.DLL
0x00007ffd72870000 - 0x00007ffd72a8d000 	C:\WINDOWS\System32\KERNELBASE.dll
0x00007ffd734c0000 - 0x00007ffd73562000 	C:\WINDOWS\System32\ADVAPI32.dll
0x00007ffd73c60000 - 0x00007ffd73cfe000 	C:\WINDOWS\System32\msvcrt.dll
0x00007ffd73610000 - 0x00007ffd73669000 	C:\WINDOWS\System32\sechost.dll
0x00007ffd75c10000 - 0x00007ffd75d31000 	C:\WINDOWS\System32\RPCRT4.dll
0x00007ffd73670000 - 0x00007ffd737d5000 	C:\WINDOWS\System32\USER32.dll
0x00007ffd72dc0000 - 0x00007ffd72dde000 	C:\WINDOWS\System32\win32u.dll
0x00007ffd73990000 - 0x00007ffd739c4000 	C:\WINDOWS\System32\GDI32.dll
0x00007ffd724f0000 - 0x00007ffd72672000 	C:\WINDOWS\System32\gdi32full.dll
0x00007ffd66c20000 - 0x00007ffd66e99000 	C:\WINDOWS\WinSxS\amd64_microsoft.windows.common-controls_6595b64144ccf1df_6.0.14393.447_none_42191651c6827bb3\COMCTL32.dll
0x00007ffd754a0000 - 0x00007ffd75768000 	C:\WINDOWS\System32\combase.dll
0x00007ffd72770000 - 0x00007ffd72865000 	C:\WINDOWS\System32\ucrtbase.dll
0x00007ffd72420000 - 0x00007ffd7248a000 	C:\WINDOWS\System32\bcryptPrimitives.dll
0x00007ffd75d40000 - 0x00007ffd75d6e000 	C:\WINDOWS\System32\IMM32.DLL
0x0000000056d40000 - 0x0000000056e12000 	C:\Program Files\Java\jre1.8.0_112\bin\msvcr100.dll
0x00000000564a0000 - 0x0000000056d3a000 	C:\Program Files\Java\jre1.8.0_112\bin\server\jvm.dll
0x00007ffd73980000 - 0x00007ffd73988000 	C:\WINDOWS\System32\PSAPI.DLL
0x00007ffd5b230000 - 0x00007ffd5b239000 	C:\WINDOWS\SYSTEM32\WSOCK32.dll
0x00007ffd70520000 - 0x00007ffd70543000 	C:\WINDOWS\SYSTEM32\WINMM.dll
0x00007ffd70910000 - 0x00007ffd7091a000 	C:\WINDOWS\SYSTEM32\VERSION.dll
0x00007ffd73bf0000 - 0x00007ffd73c5a000 	C:\WINDOWS\System32\WS2_32.dll
0x0000000000e80000 - 0x0000000000eab000 	C:\WINDOWS\SYSTEM32\winmmbase.dll
0x00007ffd72720000 - 0x00007ffd72762000 	C:\WINDOWS\System32\cfgmgr32.dll
0x00000000588b0000 - 0x00000000588bf000 	C:\Program Files\Java\jre1.8.0_112\bin\verify.dll
0x0000000058880000 - 0x00000000588a9000 	C:\Program Files\Java\jre1.8.0_112\bin\java.dll
0x0000000058860000 - 0x0000000058876000 	C:\Program Files\Java\jre1.8.0_112\bin\zip.dll
0x00007ffd73e90000 - 0x00007ffd75399000 	C:\WINDOWS\System32\SHELL32.dll
0x00007ffd72de0000 - 0x00007ffd734ba000 	C:\WINDOWS\System32\windows.storage.dll
0x00007ffd723d0000 - 0x00007ffd7241c000 	C:\WINDOWS\System32\powrprof.dll
0x00007ffd73a30000 - 0x00007ffd73a82000 	C:\WINDOWS\System32\shlwapi.dll
0x00007ffd723a0000 - 0x00007ffd723af000 	C:\WINDOWS\System32\kernel.appcore.dll
0x00007ffd72b40000 - 0x00007ffd72be9000 	C:\WINDOWS\System32\shcore.dll
0x00007ffd723b0000 - 0x00007ffd723c4000 	C:\WINDOWS\System32\profapi.dll
0x0000000058840000 - 0x000000005885a000 	C:\Program Files\Java\jre1.8.0_112\bin\net.dll
0x00007ffd719c0000 - 0x00007ffd71a1c000 	C:\WINDOWS\system32\mswsock.dll
0x0000000058820000 - 0x0000000058831000 	C:\Program Files\Java\jre1.8.0_112\bin\nio.dll
0x00007ffd6a0b0000 - 0x00007ffd6a0c2000 	C:\Users\loic.vyncke.UPSELL\.gradle\native\19\windows-amd64\native-platform.dll
0x0000000180000000 - 0x0000000180037000 	C:\Users\loic.vyncke.UPSELL\.gradle\native\jna\win32-amd64\jnidispatch.dll
0x00007ffd71e50000 - 0x00007ffd71e67000 	C:\WINDOWS\SYSTEM32\CRYPTSP.dll
0x00007ffd715e0000 - 0x00007ffd71613000 	C:\WINDOWS\system32\rsaenh.dll
0x00007ffd71e20000 - 0x00007ffd71e4b000 	C:\WINDOWS\SYSTEM32\bcrypt.dll
0x00007ffd71840000 - 0x00007ffd7185f000 	C:\WINDOWS\SYSTEM32\USERENV.dll
0x00007ffd71b60000 - 0x00007ffd71b6b000 	C:\WINDOWS\SYSTEM32\CRYPTBASE.dll
0x00007ffd71750000 - 0x00007ffd71788000 	C:\WINDOWS\SYSTEM32\IPHLPAPI.DLL
0x00007ffd75770000 - 0x00007ffd75778000 	C:\WINDOWS\System32\NSI.dll
0x00007ffd6e590000 - 0x00007ffd6e5a6000 	C:\WINDOWS\SYSTEM32\dhcpcsvc6.DLL
0x00007ffd6e570000 - 0x00007ffd6e58a000 	C:\WINDOWS\SYSTEM32\dhcpcsvc.DLL
0x0000000058810000 - 0x000000005881d000 	C:\Program Files\Java\jre1.8.0_112\bin\management.dll

VM Arguments:
jvm_args: -Dorg.gradle.appname=gradlew 
java_command: org.gradle.wrapper.GradleWrapperMain installDebug
java_class_path (initial): C:\Users\loic.vyncke.UPSELL\CommandeProject\android\\gradle\wrapper\gradle-wrapper.jar
Launcher Type: SUN_STANDARD

Environment Variables:
CLASSPATH=C:\Users\loic.vyncke.UPSELL\CommandeProject\android\\gradle\wrapper\gradle-wrapper.jar
PATH=C:\ProgramData\Oracle\Java\javapath;C:\Program Files (x86)\Intel\iCLS Client\;C:\Program Files\Intel\iCLS Client\;C:\WINDOWS\system32;C:\WINDOWS;C:\WINDOWS\System32\Wbem;C:\WINDOWS\System32\WindowsPowerShell\v1.0\;C:\Program Files (x86)\Intel\Intel(R) Management Engine Components\DAL;C:\Program Files\Intel\Intel(R) Management Engine Components\DAL;C:\Program Files (x86)\Intel\Intel(R) Management Engine Components\IPT;C:\Program Files\Intel\Intel(R) Management Engine Components\IPT;C:\Program Files (x86)\ATI Technologies\ATI.ACE\Core-Static;C:\Program Files\Microsoft SQL Server\Client SDK\ODBC\110\Tools\Binn\;C:\Program Files (x86)\Microsoft SQL Server\120\Tools\Binn\ManagementStudio\;C:\Program Files (x86)\Microsoft SQL Server\120\Tools\Binn\;C:\Program Files\Microsoft SQL Server\120\Tools\Binn\;C:\Program Files (x86)\Microsoft SQL Server\120\DTS\Binn\;C:\Program Files\Microsoft SQL Server\120\DTS\Binn\;C:\Program Files\TortoiseSVN\bin;C:\PsExec;C:\ProgramData\chocolatey\bin;C:\Program Files\nodejs\;C:\Program Files\TortoiseHg\;C:\Program Files\Git\cmd;C:\Program Files\Intel\WiFi\bin\;C:\Program Files\Common Files\Intel\WirelessCommon\;C:\Users\loic.vyncke.UPSELL\AppData\Local\Microsoft\WindowsApps;C:\Users\loic.vyncke.UPSELL\AppData\Roaming\npm;C:\Users\loic.vyncke.UPSELL\AppData\Local\atom\bin
USERNAME=loic.vyncke
OS=Windows_NT
PROCESSOR_IDENTIFIER=Intel64 Family 6 Model 78 Stepping 3, GenuineIntel



---------------  S Y S T E M  ---------------

OS: Windows 10.0 , 64 bit Build 14393 (10.0.14393.0)

CPU:total 4 (2 cores per cpu, 2 threads per core) family 6 model 78 stepping 3, cmov, cx8, fxsr, mmx, sse, sse2, sse3, ssse3, sse4.1, sse4.2, popcnt, avx, avx2, aes, clmul, erms, 3dnowpref, lzcnt, ht, tsc, tscinvbit, bmi1, bmi2, adx

Memory: 4k page, physical 8268904k(1234716k free), swap 10219624k(5372k free)

vm_info: Java HotSpot(TM) 64-Bit Server VM (25.112-b15) for windows-amd64 JRE (1.8.0_112-b15), built on Sep 22 2016 21:31:56 by "java_re" with MS VC++ 10.0 (VS2010)

time: Fri Mar 03 12:11:22 2017
elapsed time: 12 seconds (0d 0h 0m 12s)

