#
# There is insufficient memory for the Java Runtime Environment to continue.
# Native memory allocation (malloc) failed to allocate 1657952 bytes for Chunk::new
# Possible reasons:
#   The system is out of physical RAM or swap space
#   In 32 bit mode, the process size limit was hit
# Possible solutions:
#   Reduce memory load on the system
#   Increase physical memory or swap space
#   Check if swap backing store is full
#   Use 64 bit Java on a 64 bit OS
#   Decrease Java heap size (-Xmx/-Xms)
#   Decrease number of Java threads
#   Decrease Java thread stack sizes (-Xss)
#   Set larger code cache with -XX:ReservedCodeCacheSize=
# This output file may be truncated or incomplete.
#
#  Out of Memory Error (allocation.cpp:390), pid=10992, tid=0x0000000000003188
#
# JRE version: Java(TM) SE Runtime Environment (8.0_112-b15) (build 1.8.0_112-b15)
# Java VM: Java HotSpot(TM) 64-Bit Server VM (25.112-b15 mixed mode windows-amd64 compressed oops)
# Failed to write core dump. Minidumps are not enabled by default on client versions of Windows
#

---------------  T H R E A D  ---------------

Current thread (0x00000000175b7000):  JavaThread "C2 CompilerThread1" daemon [_thread_in_native, id=12680, stack(0x0000000018d10000,0x0000000018e10000)]

Stack: [0x0000000018d10000,0x0000000018e10000]
[error occurred during error reporting (printing stack bounds), id 0xc0000005]

Native frames: (J=compiled Java code, j=interpreted, Vv=VM code, C=native code)


Current CompileTask:
C2:  12601 2889       4       com.sun.beans.TypeResolver::resolve (37 bytes)


---------------  P R O C E S S  ---------------

Java Threads: ( => current thread )
  0x000000001c82c000 JavaThread "File lock request listener" [_thread_in_native, id=2664, stack(0x000000001dab0000,0x000000001dbb0000)]
  0x0000000018f36000 JavaThread "Service Thread" daemon [_thread_blocked, id=9072, stack(0x0000000019310000,0x0000000019410000)]
  0x00000000175da000 JavaThread "C1 CompilerThread2" daemon [_thread_blocked, id=12108, stack(0x0000000018e10000,0x0000000018f10000)]
=>0x00000000175b7000 JavaThread "C2 CompilerThread1" daemon [_thread_in_native, id=12680, stack(0x0000000018d10000,0x0000000018e10000)]
  0x00000000175b1000 JavaThread "C2 CompilerThread0" daemon [_thread_in_native, id=2856, stack(0x0000000018c10000,0x0000000018d10000)]
  0x00000000175ae800 JavaThread "Attach Listener" daemon [_thread_blocked, id=8036, stack(0x0000000018b10000,0x0000000018c10000)]
  0x0000000002a7d800 JavaThread "Signal Dispatcher" daemon [_thread_blocked, id=5780, stack(0x0000000018a10000,0x0000000018b10000)]
  0x000000001759a800 JavaThread "Finalizer" daemon [_thread_blocked, id=6312, stack(0x0000000018800000,0x0000000018900000)]
  0x0000000002a71000 JavaThread "Reference Handler" daemon [_thread_blocked, id=9232, stack(0x0000000018700000,0x0000000018800000)]
  0x000000000287e000 JavaThread "main" [_thread_in_native, id=14272, stack(0x0000000002880000,0x0000000002980000)]

Other Threads:
  0x0000000017576800 VMThread [stack: 0x0000000018600000,0x0000000018700000] [id=2912]
  0x0000000018f40000 WatcherThread [stack: 0x0000000019570000,0x0000000019670000] [id=11948]

VM state:not at safepoint (normal execution)

VM Mutex/Monitor currently owned by a thread: None

Heap:
 PSYoungGen      total 103936K, used 47692K [0x00000000d5f00000, 0x00000000ddd80000, 0x0000000100000000)
  eden space 93696K, 39% used [0x00000000d5f00000,0x00000000d8396210,0x00000000dba80000)
  from space 10240K, 99% used [0x00000000dc780000,0x00000000dd17d010,0x00000000dd180000)
  to   space 13312K, 0% used [0x00000000dba80000,0x00000000dba80000,0x00000000dc780000)
 ParOldGen       total 55296K, used 12281K [0x0000000081c00000, 0x0000000085200000, 0x00000000d5f00000)
  object space 55296K, 22% used [0x0000000081c00000,0x00000000827fe460,0x0000000085200000)
 Metaspace       used 32968K, capacity 33980K, committed 34176K, reserved 1079296K
  class space    used 4575K, capacity 4968K, committed 4992K, reserved 1048576K

Card table byte_map: [0x0000000011e40000,0x0000000012240000] byte_map_base: 0x0000000011a32000

Marking Bits: (ParMarkBitMap*) 0x0000000056cba6d0
 Begin Bits: [0x00000000128f0000, 0x0000000014880000)
 End Bits:   [0x0000000014880000, 0x0000000016810000)

Polling page: 0x0000000002770000

CodeCache: size=245760Kb used=11950Kb max_used=11950Kb free=233809Kb
 bounds [0x0000000002a80000, 0x0000000003640000, 0x0000000011a80000]
 total_blobs=3561 nmethods=2896 adapters=577
 compilation: enabled

Compilation events (10 events):
Event: 12.577 Thread 0x00000000175da000 3088       3       java.util.ArrayList$SubList::<init> (46 bytes)
Event: 12.578 Thread 0x00000000175da000 nmethod 3088 0x000000000362f050 code [0x000000000362f1c0, 0x000000000362f490]
Event: 12.578 Thread 0x00000000175da000 3085       3       com.sun.org.apache.xerces.internal.impl.XMLDocumentFragmentScannerImpl::setDriver (6 bytes)
Event: 12.578 Thread 0x00000000175da000 nmethod 3085 0x000000000362f610 code [0x000000000362f760, 0x000000000362f8d0]
Event: 12.588 Thread 0x00000000175da000 3089   !   3       org.gradle.api.internal.AbstractClassGenerator::generate (35 bytes)
Event: 12.589 Thread 0x00000000175da000 nmethod 3089 0x000000000362f950 code [0x000000000362fb00, 0x00000000036301b8]
Event: 12.589 Thread 0x00000000175da000 3090       3       org.apache.commons.collections.map.AbstractReferenceMap::get (23 bytes)
Event: 12.589 Thread 0x00000000175da000 nmethod 3090 0x00000000036304d0 code [0x00000000036306a0, 0x0000000003630ee8]
Event: 12.589 Thread 0x00000000175da000 3091       3       org.apache.commons.collections.map.AbstractReferenceMap::purgeBeforeRead (5 bytes)
Event: 12.590 Thread 0x00000000175da000 nmethod 3091 0x0000000003631210 code [0x00000000036313e0, 0x0000000003631d68]

GC Heap History (10 events):
Event: 8.332 GC heap before
{Heap before GC invocations=5 (full 0):
 PSYoungGen      total 38400K, used 19007K [0x00000000d5f00000, 0x00000000d8980000, 0x0000000100000000)
  eden space 33280K, 41% used [0x00000000d5f00000,0x00000000d6c97d20,0x00000000d7f80000)
  from space 5120K, 99% used [0x00000000d8480000,0x00000000d8978030,0x00000000d8980000)
  to   space 5120K, 0% used [0x00000000d7f80000,0x00000000d7f80000,0x00000000d8480000)
 ParOldGen       total 87552K, used 8899K [0x0000000081c00000, 0x0000000087180000, 0x00000000d5f00000)
  object space 87552K, 10% used [0x0000000081c00000,0x00000000824b0dd8,0x0000000087180000)
 Metaspace       used 20712K, capacity 21060K, committed 21248K, reserved 1067008K
  class space    used 2869K, capacity 2999K, committed 3072K, reserved 1048576K
Event: 8.341 GC heap after
Heap after GC invocations=5 (full 0):
 PSYoungGen      total 38400K, used 5088K [0x00000000d5f00000, 0x00000000db400000, 0x0000000100000000)
  eden space 33280K, 0% used [0x00000000d5f00000,0x00000000d5f00000,0x00000000d7f80000)
  from space 5120K, 99% used [0x00000000d7f80000,0x00000000d8478040,0x00000000d8480000)
  to   space 10240K, 0% used [0x00000000daa00000,0x00000000daa00000,0x00000000db400000)
 ParOldGen       total 87552K, used 10625K [0x0000000081c00000, 0x0000000087180000, 0x00000000d5f00000)
  object space 87552K, 12% used [0x0000000081c00000,0x0000000082660770,0x0000000087180000)
 Metaspace       used 20712K, capacity 21060K, committed 21248K, reserved 1067008K
  class space    used 2869K, capacity 2999K, committed 3072K, reserved 1048576K
}
Event: 8.341 GC heap before
{Heap before GC invocations=6 (full 1):
 PSYoungGen      total 38400K, used 5088K [0x00000000d5f00000, 0x00000000db400000, 0x0000000100000000)
  eden space 33280K, 0% used [0x00000000d5f00000,0x00000000d5f00000,0x00000000d7f80000)
  from space 5120K, 99% used [0x00000000d7f80000,0x00000000d8478040,0x00000000d8480000)
  to   space 10240K, 0% used [0x00000000daa00000,0x00000000daa00000,0x00000000db400000)
 ParOldGen       total 87552K, used 10625K [0x0000000081c00000, 0x0000000087180000, 0x00000000d5f00000)
  object space 87552K, 12% used [0x0000000081c00000,0x0000000082660770,0x0000000087180000)
 Metaspace       used 20712K, capacity 21060K, committed 21248K, reserved 1067008K
  class space    used 2869K, capacity 2999K, committed 3072K, reserved 1048576K
Event: 8.396 GC heap after
Heap after GC invocations=6 (full 1):
 PSYoungGen      total 38400K, used 0K [0x00000000d5f00000, 0x00000000db400000, 0x0000000100000000)
  eden space 33280K, 0% used [0x00000000d5f00000,0x00000000d5f00000,0x00000000d7f80000)
  from space 5120K, 0% used [0x00000000d7f80000,0x00000000d7f80000,0x00000000d8480000)
  to   space 10240K, 0% used [0x00000000daa00000,0x00000000daa00000,0x00000000db400000)
 ParOldGen       total 55296K, used 8557K [0x0000000081c00000, 0x0000000085200000, 0x00000000d5f00000)
  object space 55296K, 15% used [0x0000000081c00000,0x000000008245b440,0x0000000085200000)
 Metaspace       used 20712K, capacity 21060K, committed 21248K, reserved 1067008K
  class space    used 2869K, capacity 2999K, committed 3072K, reserved 1048576K
}
Event: 8.954 GC heap before
{Heap before GC invocations=7 (full 1):
 PSYoungGen      total 38400K, used 33280K [0x00000000d5f00000, 0x00000000db400000, 0x0000000100000000)
  eden space 33280K, 100% used [0x00000000d5f00000,0x00000000d7f80000,0x00000000d7f80000)
  from space 5120K, 0% used [0x00000000d7f80000,0x00000000d7f80000,0x00000000d8480000)
  to   space 10240K, 0% used [0x00000000daa00000,0x00000000daa00000,0x00000000db400000)
 ParOldGen       total 55296K, used 8557K [0x0000000081c00000, 0x0000000085200000, 0x00000000d5f00000)
  object space 55296K, 15% used [0x0000000081c00000,0x000000008245b440,0x0000000085200000)
 Metaspace       used 24801K, capacity 25320K, committed 25728K, reserved 1071104K
  class space    used 3430K, capacity 3630K, committed 3712K, reserved 1048576K
Event: 8.959 GC heap after
Heap after GC invocations=7 (full 1):
 PSYoungGen      total 61440K, used 4030K [0x00000000d5f00000, 0x00000000dae00000, 0x0000000100000000)
  eden space 57344K, 0% used [0x00000000d5f00000,0x00000000d5f00000,0x00000000d9700000)
  from space 4096K, 98% used [0x00000000daa00000,0x00000000dadef8e8,0x00000000dae00000)
  to   space 10240K, 0% used [0x00000000d9a00000,0x00000000d9a00000,0x00000000da400000)
 ParOldGen       total 55296K, used 8565K [0x0000000081c00000, 0x0000000085200000, 0x00000000d5f00000)
  object space 55296K, 15% used [0x0000000081c00000,0x000000008245d440,0x0000000085200000)
 Metaspace       used 24801K, capacity 25320K, committed 25728K, reserved 1071104K
  class space    used 3430K, capacity 3630K, committed 3712K, reserved 1048576K
}
Event: 10.922 GC heap before
{Heap before GC invocations=8 (full 1):
 PSYoungGen      total 61440K, used 61374K [0x00000000d5f00000, 0x00000000dae00000, 0x0000000100000000)
  eden space 57344K, 100% used [0x00000000d5f00000,0x00000000d9700000,0x00000000d9700000)
  from space 4096K, 98% used [0x00000000daa00000,0x00000000dadef8e8,0x00000000dae00000)
  to   space 10240K, 0% used [0x00000000d9a00000,0x00000000d9a00000,0x00000000da400000)
 ParOldGen       total 55296K, used 8565K [0x0000000081c00000, 0x0000000085200000, 0x00000000d5f00000)
  object space 55296K, 15% used [0x0000000081c00000,0x000000008245d440,0x0000000085200000)
 Metaspace       used 28239K, capacity 28972K, committed 29056K, reserved 1075200K
  class space    used 3907K, capacity 4198K, committed 4224K, reserved 1048576K
Event: 10.935 GC heap after
Heap after GC invocations=8 (full 1):
 PSYoungGen      total 70656K, used 7761K [0x00000000d5f00000, 0x00000000dd180000, 0x0000000100000000)
  eden space 60416K, 0% used [0x00000000d5f00000,0x00000000d5f00000,0x00000000d9a00000)
  from space 10240K, 75% used [0x00000000d9a00000,0x00000000da194580,0x00000000da400000)
  to   space 10240K, 0% used [0x00000000dc780000,0x00000000dc780000,0x00000000dd180000)
 ParOldGen       total 55296K, used 8637K [0x0000000081c00000, 0x0000000085200000, 0x00000000d5f00000)
  object space 55296K, 15% used [0x0000000081c00000,0x000000008246f450,0x0000000085200000)
 Metaspace       used 28239K, capacity 28972K, committed 29056K, reserved 1075200K
  class space    used 3907K, capacity 4198K, committed 4224K, reserved 1048576K
}
Event: 11.655 GC heap before
{Heap before GC invocations=9 (full 1):
 PSYoungGen      total 70656K, used 68177K [0x00000000d5f00000, 0x00000000dd180000, 0x0000000100000000)
  eden space 60416K, 100% used [0x00000000d5f00000,0x00000000d9a00000,0x00000000d9a00000)
  from space 10240K, 75% used [0x00000000d9a00000,0x00000000da194580,0x00000000da400000)
  to   space 10240K, 0% used [0x00000000dc780000,0x00000000dc780000,0x00000000dd180000)
 ParOldGen       total 55296K, used 8637K [0x0000000081c00000, 0x0000000085200000, 0x00000000d5f00000)
  object space 55296K, 15% used [0x0000000081c00000,0x000000008246f450,0x0000000085200000)
 Metaspace       used 30785K, capacity 31752K, committed 31872K, reserved 1077248K
  class space    used 4283K, capacity 4695K, committed 4736K, reserved 1048576K
Event: 11.668 GC heap after
Heap after GC invocations=9 (full 1):
 PSYoungGen      total 103936K, used 10228K [0x00000000d5f00000, 0x00000000ddd80000, 0x0000000100000000)
  eden space 93696K, 0% used [0x00000000d5f00000,0x00000000d5f00000,0x00000000dba80000)
  from space 10240K, 99% used [0x00000000dc780000,0x00000000dd17d010,0x00000000dd180000)
  to   space 13312K, 0% used [0x00000000dba80000,0x00000000dba80000,0x00000000dc780000)
 ParOldGen       total 55296K, used 12281K [0x0000000081c00000, 0x0000000085200000, 0x00000000d5f00000)
  object space 55296K, 22% used [0x0000000081c00000,0x00000000827fe460,0x0000000085200000)
 Metaspace       used 30785K, capacity 31752K, committed 31872K, reserved 1077248K
  class space    used 4283K, capacity 4695K, committed 4736K, reserved 1048576K
}

Deoptimization events (10 events):
Event: 12.220 Thread 0x000000000287e000 Uncommon trap: reason=class_check action=maybe_recompile pc=0x0000000003518f14 method=groovy.lang.MetaMethod.isStatic()Z @ 1
Event: 12.220 Thread 0x000000000287e000 Uncommon trap: reason=class_check action=maybe_recompile pc=0x0000000003518f14 method=groovy.lang.MetaMethod.isStatic()Z @ 1
Event: 12.221 Thread 0x000000000287e000 Uncommon trap: reason=bimorphic action=maybe_recompile pc=0x00000000034d73d8 method=org.codehaus.groovy.runtime.metaclass.MetaMethodIndex.addMethodToList(Ljava/lang/Object;Lgroovy/lang/MetaMethod;)Ljava/lang/Object; @ 275
Event: 12.221 Thread 0x000000000287e000 Uncommon trap: reason=bimorphic action=maybe_recompile pc=0x00000000034d73d8 method=org.codehaus.groovy.runtime.metaclass.MetaMethodIndex.addMethodToList(Ljava/lang/Object;Lgroovy/lang/MetaMethod;)Ljava/lang/Object; @ 275
Event: 12.221 Thread 0x000000000287e000 Uncommon trap: reason=unstable_if action=reinterpret pc=0x00000000034e4768 method=groovy.lang.MetaClassImpl.checkIfStdMethod(Lgroovy/lang/MetaMethod;)V @ 168
Event: 12.228 Thread 0x000000000287e000 Uncommon trap: reason=class_check action=maybe_recompile pc=0x0000000003518f14 method=groovy.lang.MetaMethod.isStatic()Z @ 1
Event: 12.228 Thread 0x000000000287e000 Uncommon trap: reason=class_check action=maybe_recompile pc=0x0000000003518f14 method=groovy.lang.MetaMethod.isStatic()Z @ 1
Event: 12.289 Thread 0x000000000287e000 Uncommon trap: reason=unstable_if action=reinterpret pc=0x0000000002df7b44 method=java.lang.AbstractStringBuilder.append(Ljava/lang/String;)Ljava/lang/AbstractStringBuilder; @ 1
Event: 12.323 Thread 0x000000000287e000 Uncommon trap: reason=unstable_if action=reinterpret pc=0x00000000032b6c1c method=com.sun.org.apache.xerces.internal.impl.XMLEntityScanner.skipSpaces()Z @ 72
Event: 12.329 Thread 0x000000000287e000 Uncommon trap: reason=unstable_if action=reinterpret pc=0x00000000032bbe20 method=com.sun.org.apache.xerces.internal.utils.XMLSecurityManager.isOverLimit(ILcom/sun/org/apache/xerces/internal/utils/XMLLimitAnalyzer;)Z @ 28

Internal exceptions (10 events):
Event: 12.265 Thread 0x000000000287e000 Exception <a 'java/lang/ClassNotFoundException': com/android/build/gradle/internal/dependency/DependencyCheckerBeanInfo> (0x00000000d7a9dc08) thrown at [C:\re\workspace\8-2-build-windows-amd64-cygwin\jdk8u112\7884\hotspot\src\share\vm\classfile\systemDict
Event: 12.265 Thread 0x000000000287e000 Exception <a 'java/lang/ClassNotFoundException': com/android/build/gradle/internal/dependency/DependencyCheckerCustomizer> (0x00000000d7aaf958) thrown at [C:\re\workspace\8-2-build-windows-amd64-cygwin\jdk8u112\7884\hotspot\src\share\vm\classfile\systemDi
Event: 12.266 Thread 0x000000000287e000 Exception <a 'java/lang/ClassNotFoundException': groovy/runtime/metaclass/[Lcom/android/builder/profile/Recorder$Property;MetaClass> (0x00000000d7abe638) thrown at [C:\re\workspace\8-2-build-windows-amd64-cygwin\jdk8u112\7884\hotspot\src\share\vm\prims\jn
Event: 12.266 Thread 0x000000000287e000 Exception <a 'java/lang/ClassNotFoundException': [Lcom/android/builder/profile/Recorder$Property;BeanInfo> (0x00000000d7ac3c78) thrown at [C:\re\workspace\8-2-build-windows-amd64-cygwin\jdk8u112\7884\hotspot\src\share\vm\prims\jni.cpp, line 735]
Event: 12.266 Thread 0x000000000287e000 Exception <a 'java/lang/ClassNotFoundException': [Lcom/android/builder/profile/Recorder$Property;BeanInfo> (0x00000000d7ac46c0) thrown at [C:\re\workspace\8-2-build-windows-amd64-cygwin\jdk8u112\7884\hotspot\src\share\vm\prims\jni.cpp, line 735]
Event: 12.266 Thread 0x000000000287e000 Exception <a 'java/lang/ClassNotFoundException': [Lcom/android/builder/profile/Recorder$Property;BeanInfo> (0x00000000d7ac5108) thrown at [C:\re\workspace\8-2-build-windows-amd64-cygwin\jdk8u112\7884\hotspot\src\share\vm\prims\jni.cpp, line 735]
Event: 12.266 Thread 0x000000000287e000 Exception <a 'java/lang/ClassNotFoundException': [Lcom/android/builder/profile/Recorder$Property;Customizer> (0x00000000d7ac5e68) thrown at [C:\re\workspace\8-2-build-windows-amd64-cygwin\jdk8u112\7884\hotspot\src\share\vm\prims\jni.cpp, line 735]
Event: 12.266 Thread 0x000000000287e000 Exception <a 'java/lang/ClassNotFoundException': [Lcom/android/builder/profile/Recorder$Property;Customizer> (0x00000000d7ac68b8) thrown at [C:\re\workspace\8-2-build-windows-amd64-cygwin\jdk8u112\7884\hotspot\src\share\vm\prims\jni.cpp, line 735]
Event: 12.267 Thread 0x000000000287e000 Exception <a 'java/lang/ClassNotFoundException': [Lcom/android/builder/profile/Recorder$Property;Customizer> (0x00000000d7ac7308) thrown at [C:\re\workspace\8-2-build-windows-amd64-cygwin\jdk8u112\7884\hotspot\src\share\vm\prims\jni.cpp, line 735]
Event: 12.289 Thread 0x000000000287e000 Implicit null exception at 0x0000000002df75e5 to 0x0000000002df7b35

Events (10 events):
Event: 12.401 loading class org/gradle/internal/ErroringAction
Event: 12.401 loading class org/gradle/internal/ErroringAction done
Event: 12.402 loading class org/gradle/api/internal/artifacts/repositories/resolver/MavenMetadataLoader$1$1
Event: 12.402 loading class org/gradle/api/internal/artifacts/repositories/resolver/MavenMetadataLoader$1$1 done
Event: 12.402 loading class org/apache/ivy/util/ContextualSAXHandler
Event: 12.402 loading class org/apache/ivy/util/ContextualSAXHandler done
Event: 12.408 loading class java/util/Vector$Itr
Event: 12.409 loading class java/util/Vector$Itr done
Event: 12.450 loading class org/gradle/api/internal/artifacts/ivyservice/ivyresolve/VersionInfo
Event: 12.450 loading class org/gradle/api/internal/artifacts/ivyservice/ivyresolve/VersionInfo done


Dynamic libraries:
0x00007ff6b9e60000 - 0x00007ff6b9e97000 	C:\ProgramData\Oracle\Java\javapath\java.exe
0x00007ffd75f30000 - 0x00007ffd76101000 	C:\WINDOWS\SYSTEM32\ntdll.dll
0x00007ffd73d00000 - 0x00007ffd73dab000 	C:\WINDOWS\System32\KERNEL32.DLL
0x00007ffd72870000 - 0x00007ffd72a8d000 	C:\WINDOWS\System32\KERNELBASE.dll
0x00007ffd734c0000 - 0x00007ffd73562000 	C:\WINDOWS\System32\ADVAPI32.dll
0x00007ffd73c60000 - 0x00007ffd73cfe000 	C:\WINDOWS\System32\msvcrt.dll
0x00007ffd73610000 - 0x00007ffd73669000 	C:\WINDOWS\System32\sechost.dll
0x00007ffd75c10000 - 0x00007ffd75d31000 	C:\WINDOWS\System32\RPCRT4.dll
0x00007ffd73670000 - 0x00007ffd737d5000 	C:\WINDOWS\System32\USER32.dll
0x00007ffd72dc0000 - 0x00007ffd72dde000 	C:\WINDOWS\System32\win32u.dll
0x00007ffd73990000 - 0x00007ffd739c4000 	C:\WINDOWS\System32\GDI32.dll
0x00007ffd724f0000 - 0x00007ffd72672000 	C:\WINDOWS\System32\gdi32full.dll
0x00007ffd66c20000 - 0x00007ffd66e99000 	C:\WINDOWS\WinSxS\amd64_microsoft.windows.common-controls_6595b64144ccf1df_6.0.14393.447_none_42191651c6827bb3\COMCTL32.dll
0x00007ffd754a0000 - 0x00007ffd75768000 	C:\WINDOWS\System32\combase.dll
0x00007ffd72770000 - 0x00007ffd72865000 	C:\WINDOWS\System32\ucrtbase.dll
0x00007ffd72420000 - 0x00007ffd7248a000 	C:\WINDOWS\System32\bcryptPrimitives.dll
0x00007ffd75d40000 - 0x00007ffd75d6e000 	C:\WINDOWS\System32\IMM32.DLL
0x0000000056d40000 - 0x0000000056e12000 	C:\Program Files\Java\jre1.8.0_112\bin\msvcr100.dll
0x00000000564a0000 - 0x0000000056d3a000 	C:\Program Files\Java\jre1.8.0_112\bin\server\jvm.dll
0x00007ffd73980000 - 0x00007ffd73988000 	C:\WINDOWS\System32\PSAPI.DLL
0x00007ffd5b230000 - 0x00007ffd5b239000 	C:\WINDOWS\SYSTEM32\WSOCK32.dll
0x00007ffd70520000 - 0x00007ffd70543000 	C:\WINDOWS\SYSTEM32\WINMM.dll
0x00007ffd70910000 - 0x00007ffd7091a000 	C:\WINDOWS\SYSTEM32\VERSION.dll
0x00007ffd73bf0000 - 0x00007ffd73c5a000 	C:\WINDOWS\System32\WS2_32.dll
0x00000000027b0000 - 0x00000000027db000 	C:\WINDOWS\SYSTEM32\WINMMBASE.dll
0x00007ffd72720000 - 0x00007ffd72762000 	C:\WINDOWS\System32\cfgmgr32.dll
0x0000000056490000 - 0x000000005649f000 	C:\Program Files\Java\jre1.8.0_112\bin\verify.dll
0x0000000056460000 - 0x0000000056489000 	C:\Program Files\Java\jre1.8.0_112\bin\java.dll
0x0000000056440000 - 0x0000000056456000 	C:\Program Files\Java\jre1.8.0_112\bin\zip.dll
0x00007ffd73e90000 - 0x00007ffd75399000 	C:\WINDOWS\System32\SHELL32.dll
0x00007ffd72de0000 - 0x00007ffd734ba000 	C:\WINDOWS\System32\windows.storage.dll
0x00007ffd723d0000 - 0x00007ffd7241c000 	C:\WINDOWS\System32\powrprof.dll
0x00007ffd73a30000 - 0x00007ffd73a82000 	C:\WINDOWS\System32\shlwapi.dll
0x00007ffd723a0000 - 0x00007ffd723af000 	C:\WINDOWS\System32\kernel.appcore.dll
0x00007ffd72b40000 - 0x00007ffd72be9000 	C:\WINDOWS\System32\shcore.dll
0x00007ffd723b0000 - 0x00007ffd723c4000 	C:\WINDOWS\System32\profapi.dll
0x0000000056420000 - 0x000000005643a000 	C:\Program Files\Java\jre1.8.0_112\bin\net.dll
0x00007ffd719c0000 - 0x00007ffd71a1c000 	C:\WINDOWS\system32\mswsock.dll
0x0000000056400000 - 0x0000000056411000 	C:\Program Files\Java\jre1.8.0_112\bin\nio.dll
0x00007ffd6a0b0000 - 0x00007ffd6a0c2000 	C:\Users\loic.vyncke.UPSELL\.gradle\native\19\windows-amd64\native-platform.dll
0x0000000180000000 - 0x0000000180037000 	C:\Users\loic.vyncke.UPSELL\.gradle\native\jna\win32-amd64\jnidispatch.dll
0x00007ffd71e50000 - 0x00007ffd71e67000 	C:\WINDOWS\SYSTEM32\CRYPTSP.dll
0x00007ffd715e0000 - 0x00007ffd71613000 	C:\WINDOWS\system32\rsaenh.dll
0x00007ffd71e20000 - 0x00007ffd71e4b000 	C:\WINDOWS\SYSTEM32\bcrypt.dll
0x00007ffd71840000 - 0x00007ffd7185f000 	C:\WINDOWS\SYSTEM32\USERENV.dll
0x00007ffd71b60000 - 0x00007ffd71b6b000 	C:\WINDOWS\SYSTEM32\CRYPTBASE.dll
0x00007ffd71750000 - 0x00007ffd71788000 	C:\WINDOWS\SYSTEM32\IPHLPAPI.DLL
0x00007ffd75770000 - 0x00007ffd75778000 	C:\WINDOWS\System32\NSI.dll
0x00007ffd6e590000 - 0x00007ffd6e5a6000 	C:\WINDOWS\SYSTEM32\dhcpcsvc6.DLL
0x00007ffd6e570000 - 0x00007ffd6e58a000 	C:\WINDOWS\SYSTEM32\dhcpcsvc.DLL
0x00000000563f0000 - 0x00000000563fd000 	C:\Program Files\Java\jre1.8.0_112\bin\management.dll

VM Arguments:
jvm_args: -Dorg.gradle.appname=gradlew 
java_command: org.gradle.wrapper.GradleWrapperMain installDebug
java_class_path (initial): C:\Users\loic.vyncke.UPSELL\CommandeProject\android\\gradle\wrapper\gradle-wrapper.jar
Launcher Type: SUN_STANDARD

Environment Variables:
CLASSPATH=C:\Users\loic.vyncke.UPSELL\CommandeProject\android\\gradle\wrapper\gradle-wrapper.jar
PATH=C:\ProgramData\Oracle\Java\javapath;C:\Program Files (x86)\Intel\iCLS Client\;C:\Program Files\Intel\iCLS Client\;C:\WINDOWS\system32;C:\WINDOWS;C:\WINDOWS\System32\Wbem;C:\WINDOWS\System32\WindowsPowerShell\v1.0\;C:\Program Files (x86)\Intel\Intel(R) Management Engine Components\DAL;C:\Program Files\Intel\Intel(R) Management Engine Components\DAL;C:\Program Files (x86)\Intel\Intel(R) Management Engine Components\IPT;C:\Program Files\Intel\Intel(R) Management Engine Components\IPT;C:\Program Files (x86)\ATI Technologies\ATI.ACE\Core-Static;C:\Program Files\Microsoft SQL Server\Client SDK\ODBC\110\Tools\Binn\;C:\Program Files (x86)\Microsoft SQL Server\120\Tools\Binn\ManagementStudio\;C:\Program Files (x86)\Microsoft SQL Server\120\Tools\Binn\;C:\Program Files\Microsoft SQL Server\120\Tools\Binn\;C:\Program Files (x86)\Microsoft SQL Server\120\DTS\Binn\;C:\Program Files\Microsoft SQL Server\120\DTS\Binn\;C:\Program Files\TortoiseSVN\bin;C:\PsExec;C:\ProgramData\chocolatey\bin;C:\Program Files\nodejs\;C:\Program Files\TortoiseHg\;C:\Program Files\Git\cmd;C:\Program Files\Intel\WiFi\bin\;C:\Program Files\Common Files\Intel\WirelessCommon\;C:\Users\loic.vyncke.UPSELL\AppData\Local\Microsoft\WindowsApps;C:\Users\loic.vyncke.UPSELL\AppData\Roaming\npm;C:\Users\loic.vyncke.UPSELL\AppData\Local\atom\bin
USERNAME=loic.vyncke
OS=Windows_NT
PROCESSOR_IDENTIFIER=Intel64 Family 6 Model 78 Stepping 3, GenuineIntel



---------------  S Y S T E M  ---------------

OS: Windows 10.0 , 64 bit Build 14393 (10.0.14393.0)

CPU:total 4 (2 cores per cpu, 2 threads per core) family 6 model 78 stepping 3, cmov, cx8, fxsr, mmx, sse, sse2, sse3, ssse3, sse4.1, sse4.2, popcnt, avx, avx2, aes, clmul, erms, 3dnowpref, lzcnt, ht, tsc, tscinvbit, bmi1, bmi2, adx

Memory: 4k page, physical 8268904k(610356k free), swap 10219624k(5248k free)

vm_info: Java HotSpot(TM) 64-Bit Server VM (25.112-b15) for windows-amd64 JRE (1.8.0_112-b15), built on Sep 22 2016 21:31:56 by "java_re" with MS VC++ 10.0 (VS2010)

time: Fri Mar 03 11:42:28 2017
elapsed time: 12 seconds (0d 0h 0m 12s)

